[2022-06-17T23:03:33.732] [DEBUG] szfcweb - [
  { href: undefined, title: undefined },
  { href: undefined, title: undefined },
  { href: undefined, title: undefined }
]
[2022-06-17T23:04:19.204] [DEBUG] szfcweb - [
  { href: undefined, title: undefined },
  { href: undefined, title: undefined },
  { href: undefined, title: undefined }
]
[2022-06-17T23:05:57.368] [DEBUG] szfcweb - [
  {
    href: 'http://spf.szfcweb.com/szfcweb/(S(wp5uuqq22hmkkhuei50bzi01))/DataSerach/SaleInfoBudingShow.aspx?SPJ_ID=b040951a-3028-4b95-b6a2-439e019d013e',
    title: '春风南岸花园一期'
  },
  {
    href: 'http://spf.szfcweb.com/szfcweb/(S(wp5uuqq22hmkkhuei50bzi01))/DataSerach/SaleInfoBudingShow.aspx?SPJ_ID=c0976b7b-26eb-44dd-8670-3e82e4f0e897',
    title: '春风南岸花园三期'
  },
  {
    href: 'http://spf.szfcweb.com/szfcweb/(S(wp5uuqq22hmkkhuei50bzi01))/DataSerach/SaleInfoBudingShow.aspx?SPJ_ID=4e5947bb-75a9-4a09-8167-291c7d16a3e2',
    title: '春风南岸花园二期'
  }
]
[2022-06-17T23:10:26.566] [DEBUG] szfcweb - [
  {
    href: 'http://spf.szfcweb.com/szfcweb/(S(rxg4qyvrdhx40agnzbhzlwcb))/DataSerach/SaleInfoBudingShow.aspx?SPJ_ID=b040951a-3028-4b95-b6a2-439e019d013e',
    title: '春风南岸花园一期'
  },
  {
    href: 'http://spf.szfcweb.com/szfcweb/(S(rxg4qyvrdhx40agnzbhzlwcb))/DataSerach/SaleInfoBudingShow.aspx?SPJ_ID=c0976b7b-26eb-44dd-8670-3e82e4f0e897',
    title: '春风南岸花园三期'
  },
  {
    href: 'http://spf.szfcweb.com/szfcweb/(S(rxg4qyvrdhx40agnzbhzlwcb))/DataSerach/SaleInfoBudingShow.aspx?SPJ_ID=4e5947bb-75a9-4a09-8167-291c7d16a3e2',
    title: '春风南岸花园二期'
  }
]
[2022-06-17T23:10:47.028] [DEBUG] szfcweb - [
  {
    href: 'http://spf.szfcweb.com/szfcweb/(S(er4xj4v44db4qdtmcrnvodbd))/DataSerach/SaleInfoBudingShow.aspx?SPJ_ID=b040951a-3028-4b95-b6a2-439e019d013e',
    title: '春风南岸花园一期'
  },
  {
    href: 'http://spf.szfcweb.com/szfcweb/(S(er4xj4v44db4qdtmcrnvodbd))/DataSerach/SaleInfoBudingShow.aspx?SPJ_ID=c0976b7b-26eb-44dd-8670-3e82e4f0e897',
    title: '春风南岸花园三期'
  },
  {
    href: 'http://spf.szfcweb.com/szfcweb/(S(er4xj4v44db4qdtmcrnvodbd))/DataSerach/SaleInfoBudingShow.aspx?SPJ_ID=4e5947bb-75a9-4a09-8167-291c7d16a3e2',
    title: '春风南岸花园二期'
  }
]
[2022-06-17T23:11:03.559] [DEBUG] szfcweb - 3
[2022-06-17T23:11:16.574] [DEBUG] szfcweb - {
  href: 'http://spf.szfcweb.com/szfcweb/(S(ndxylxielcbj55b2020x5k5b))/DataSerach/SaleInfoBudingShow.aspx?SPJ_ID=c0976b7b-26eb-44dd-8670-3e82e4f0e897',
  title: '春风南岸花园三期'
}
[2022-06-17T23:12:14.708] [DEBUG] szfcweb - 开始访问 春风南岸花园一期
[2022-06-17T23:12:14.858] [DEBUG] szfcweb - 开始访问 春风南岸花园三期
[2022-06-17T23:12:14.982] [DEBUG] szfcweb - 开始访问 春风南岸花园二期
[2022-06-17T23:14:10.334] [DEBUG] szfcweb - 开始访问 春风南岸花园一期
[2022-06-17T23:14:10.336] [DEBUG] szfcweb - Sleep: 2688 ms
[2022-06-17T23:14:13.179] [DEBUG] szfcweb - 开始访问 春风南岸花园三期
[2022-06-17T23:14:13.180] [DEBUG] szfcweb - Sleep: 3674 ms
[2022-06-17T23:14:17.139] [DEBUG] szfcweb - 开始访问 春风南岸花园二期
[2022-06-17T23:14:17.140] [DEBUG] szfcweb - Sleep: 2074 ms
[2022-06-17T23:15:13.219] [DEBUG] szfcweb - 开始访问 春风南岸花园一期
[2022-06-17T23:15:13.221] [DEBUG] szfcweb - Sleep: 6375 ms
[2022-06-17T23:15:19.854] [DEBUG] szfcweb - 开始访问 春风南岸花园三期
[2022-06-17T23:15:19.855] [DEBUG] szfcweb - Sleep: 5171 ms
[2022-06-17T23:15:25.267] [DEBUG] szfcweb - 开始访问 春风南岸花园二期
[2022-06-17T23:15:25.267] [DEBUG] szfcweb - Sleep: 7144 ms
[2022-06-17T23:17:25.150] [DEBUG] szfcweb - 开始访问 春风南岸花园一期
[2022-06-17T23:17:25.159] [DEBUG] szfcweb - Sleep: 7944 ms
[2022-06-17T23:18:40.474] [DEBUG] szfcweb - 开始访问 春风南岸花园一期
[2022-06-17T23:18:40.476] [DEBUG] szfcweb - Sleep: 6946 ms
[2022-06-17T23:18:47.675] [DEBUG] szfcweb - 开始访问 春风南岸花园三期
[2022-06-17T23:18:47.676] [DEBUG] szfcweb - Sleep: 5220 ms
[2022-06-17T23:18:53.161] [DEBUG] szfcweb - 开始访问 春风南岸花园二期
[2022-06-17T23:18:53.161] [DEBUG] szfcweb - Sleep: 5864 ms
[2022-06-17T23:20:07.855] [DEBUG] szfcweb - 开始访问 春风南岸花园一期
[2022-06-17T23:20:07.858] [DEBUG] szfcweb - Sleep: 5797 ms
[2022-06-17T23:20:13.919] [DEBUG] szfcweb - 开始访问 春风南岸花园三期
[2022-06-17T23:20:13.920] [DEBUG] szfcweb - Sleep: 5888 ms
[2022-06-17T23:20:19.919] [DEBUG] szfcweb - 开始访问 春风南岸花园二期
[2022-06-17T23:20:19.920] [DEBUG] szfcweb - Sleep: 5300 ms
[2022-06-17T23:24:14.285] [DEBUG] szfcweb - 开始访问 春风南岸花园一期
[2022-06-17T23:24:14.288] [DEBUG] szfcweb - Sleep: 2959 ms
[2022-06-17T23:24:17.353] [DEBUG] szfcweb - 开始访问 春风南岸花园三期
[2022-06-17T23:24:17.354] [DEBUG] szfcweb - Sleep: 3558 ms
[2022-06-17T23:24:21.037] [DEBUG] szfcweb - 开始访问 春风南岸花园二期
[2022-06-17T23:24:21.037] [DEBUG] szfcweb - Sleep: 2190 ms
[2022-06-17T23:25:37.903] [DEBUG] szfcweb - 开始访问 春风南岸花园一期
[2022-06-17T23:25:37.905] [DEBUG] szfcweb - Sleep: 3099 ms
[2022-06-17T23:25:41.279] [DEBUG] szfcweb - 开始访问 春风南岸花园三期
[2022-06-17T23:25:41.280] [DEBUG] szfcweb - Sleep: 3980 ms
[2022-06-17T23:25:45.572] [DEBUG] szfcweb - 开始访问 春风南岸花园二期
[2022-06-17T23:25:45.573] [DEBUG] szfcweb - Sleep: 2316 ms
[2022-06-17T23:42:50.021] [DEBUG] szfcweb - 开始访问 春风南岸花园一期
[2022-06-17T23:42:50.023] [DEBUG] szfcweb - Sleep: 3491 ms
[2022-06-17T23:43:36.875] [DEBUG] szfcweb - 开始访问 春风南岸花园一期
[2022-06-17T23:43:36.878] [DEBUG] szfcweb - Sleep: 3366 ms
[2022-06-17T23:43:58.222] [DEBUG] szfcweb - 开始访问 春风南岸花园一期
[2022-06-17T23:43:58.224] [DEBUG] szfcweb - Sleep: 3903 ms
[2022-06-17T23:44:02.252] [DEBUG] szfcweb - 开始访问 春风南岸花园三期
[2022-06-17T23:44:02.252] [DEBUG] szfcweb - Sleep: 2190 ms
[2022-06-17T23:44:04.545] [DEBUG] szfcweb - 开始访问 春风南岸花园二期
[2022-06-17T23:44:04.546] [DEBUG] szfcweb - Sleep: 4050 ms
[2022-06-17T23:46:13.742] [DEBUG] szfcweb - 开始访问 春风南岸花园一期
[2022-06-17T23:46:13.744] [DEBUG] szfcweb - Sleep: 4114 ms
[2022-06-17T23:46:17.986] [DEBUG] szfcweb - 开始访问 春风南岸花园三期
[2022-06-17T23:46:17.986] [DEBUG] szfcweb - Sleep: 3922 ms
[2022-06-17T23:46:22.037] [DEBUG] szfcweb - 开始访问 春风南岸花园二期
[2022-06-17T23:46:22.038] [DEBUG] szfcweb - Sleep: 4251 ms
[2022-06-17T23:46:26.416] [DEBUG] szfcweb - [
  [
    {
      href: 'http://spf.szfcweb.com/szfcweb/(S(jlhcxjfyidyvighco2iu4r1u))/DataSerach/SaleInfoHouseShow.aspx?PBTAB_ID=30229_MD004&SPJ_ID=b040951a-3028-4b95-b6a2-439e019d013e',
      title: '6'
    },
    {
      href: 'http://spf.szfcweb.com/szfcweb/(S(jlhcxjfyidyvighco2iu4r1u))/DataSerach/SaleInfoHouseShow.aspx?PBTAB_ID=30230_MD004&SPJ_ID=b040951a-3028-4b95-b6a2-439e019d013e',
      title: '7'
    },
    {
      href: 'http://spf.szfcweb.com/szfcweb/(S(jlhcxjfyidyvighco2iu4r1u))/DataSerach/SaleInfoHouseShow.aspx?PBTAB_ID=30228_MD004&SPJ_ID=b040951a-3028-4b95-b6a2-439e019d013e',
      title: '3'
    },
    {
      href: 'http://spf.szfcweb.com/szfcweb/(S(jlhcxjfyidyvighco2iu4r1u))/DataSerach/SaleInfoHouseShow.aspx?PBTAB_ID=30227_MD004&SPJ_ID=b040951a-3028-4b95-b6a2-439e019d013e',
      title: '1'
    }
  ],
  [
    {
      href: 'http://spf.szfcweb.com/szfcweb/(S(jlhcxjfyidyvighco2iu4r1u))/DataSerach/SaleInfoHouseShow.aspx?PBTAB_ID=30583_MD004&SPJ_ID=c0976b7b-26eb-44dd-8670-3e82e4f0e897',
      title: '15'
    },
    {
      href: 'http://spf.szfcweb.com/szfcweb/(S(jlhcxjfyidyvighco2iu4r1u))/DataSerach/SaleInfoHouseShow.aspx?PBTAB_ID=30577_MD004&SPJ_ID=c0976b7b-26eb-44dd-8670-3e82e4f0e897',
      title: '9'
    },
    {
      href: 'http://spf.szfcweb.com/szfcweb/(S(jlhcxjfyidyvighco2iu4r1u))/DataSerach/SaleInfoHouseShow.aspx?PBTAB_ID=30581_MD004&SPJ_ID=c0976b7b-26eb-44dd-8670-3e82e4f0e897',
      title: '13'
    },
    {
      href: 'http://spf.szfcweb.com/szfcweb/(S(jlhcxjfyidyvighco2iu4r1u))/DataSerach/SaleInfoHouseShow.aspx?PBTAB_ID=30579_MD004&SPJ_ID=c0976b7b-26eb-44dd-8670-3e82e4f0e897',
      title: '10'
    }
  ],
  [
    {
      href: 'http://spf.szfcweb.com/szfcweb/(S(jlhcxjfyidyvighco2iu4r1u))/DataSerach/SaleInfoHouseShow.aspx?PBTAB_ID=30576_MD004&SPJ_ID=4e5947bb-75a9-4a09-8167-291c7d16a3e2',
      title: '8'
    },
    {
      href: 'http://spf.szfcweb.com/szfcweb/(S(jlhcxjfyidyvighco2iu4r1u))/DataSerach/SaleInfoHouseShow.aspx?PBTAB_ID=30584_MD004&SPJ_ID=4e5947bb-75a9-4a09-8167-291c7d16a3e2',
      title: '16'
    },
    {
      href: 'http://spf.szfcweb.com/szfcweb/(S(jlhcxjfyidyvighco2iu4r1u))/DataSerach/SaleInfoHouseShow.aspx?PBTAB_ID=30580_MD004&SPJ_ID=4e5947bb-75a9-4a09-8167-291c7d16a3e2',
      title: '12'
    },
    {
      href: 'http://spf.szfcweb.com/szfcweb/(S(jlhcxjfyidyvighco2iu4r1u))/DataSerach/SaleInfoHouseShow.aspx?PBTAB_ID=30582_MD004&SPJ_ID=4e5947bb-75a9-4a09-8167-291c7d16a3e2',
      title: '14'
    }
  ]
]
[2022-06-17T23:47:30.906] [DEBUG] szfcweb - 开始访问 春风南岸花园一期
[2022-06-17T23:47:30.909] [DEBUG] szfcweb - Sleep: 2669 ms
[2022-06-17T23:47:33.706] [DEBUG] szfcweb - 开始访问 春风南岸花园三期
[2022-06-17T23:47:33.707] [DEBUG] szfcweb - Sleep: 4969 ms
[2022-06-17T23:47:38.793] [DEBUG] szfcweb - 开始访问 春风南岸花园二期
[2022-06-17T23:47:38.793] [DEBUG] szfcweb - Sleep: 2073 ms
[2022-06-17T23:47:40.992] [DEBUG] szfcweb - []
[2022-06-17T23:48:01.244] [DEBUG] szfcweb - 开始访问 春风南岸花园一期
[2022-06-17T23:48:01.246] [DEBUG] szfcweb - Sleep: 4231 ms
[2022-06-17T23:48:05.609] [DEBUG] szfcweb - 开始访问 春风南岸花园三期
[2022-06-17T23:48:05.610] [DEBUG] szfcweb - Sleep: 3906 ms
[2022-06-17T23:48:09.647] [DEBUG] szfcweb - 开始访问 春风南岸花园二期
[2022-06-17T23:48:09.648] [DEBUG] szfcweb - Sleep: 2090 ms
[2022-06-17T23:48:11.855] [DEBUG] szfcweb - [
  {
    href: 'http://spf.szfcweb.com/szfcweb/(S(55cydtoakxw4yxofsiantc1k))/DataSerach/SaleInfoHouseShow.aspx?PBTAB_ID=30229_MD004&SPJ_ID=b040951a-3028-4b95-b6a2-439e019d013e',
    title: '6'
  },
  {
    href: 'http://spf.szfcweb.com/szfcweb/(S(55cydtoakxw4yxofsiantc1k))/DataSerach/SaleInfoHouseShow.aspx?PBTAB_ID=30230_MD004&SPJ_ID=b040951a-3028-4b95-b6a2-439e019d013e',
    title: '7'
  },
  {
    href: 'http://spf.szfcweb.com/szfcweb/(S(55cydtoakxw4yxofsiantc1k))/DataSerach/SaleInfoHouseShow.aspx?PBTAB_ID=30228_MD004&SPJ_ID=b040951a-3028-4b95-b6a2-439e019d013e',
    title: '3'
  },
  {
    href: 'http://spf.szfcweb.com/szfcweb/(S(55cydtoakxw4yxofsiantc1k))/DataSerach/SaleInfoHouseShow.aspx?PBTAB_ID=30227_MD004&SPJ_ID=b040951a-3028-4b95-b6a2-439e019d013e',
    title: '1'
  },
  {
    href: 'http://spf.szfcweb.com/szfcweb/(S(55cydtoakxw4yxofsiantc1k))/DataSerach/SaleInfoHouseShow.aspx?PBTAB_ID=30583_MD004&SPJ_ID=c0976b7b-26eb-44dd-8670-3e82e4f0e897',
    title: '15'
  },
  {
    href: 'http://spf.szfcweb.com/szfcweb/(S(55cydtoakxw4yxofsiantc1k))/DataSerach/SaleInfoHouseShow.aspx?PBTAB_ID=30577_MD004&SPJ_ID=c0976b7b-26eb-44dd-8670-3e82e4f0e897',
    title: '9'
  },
  {
    href: 'http://spf.szfcweb.com/szfcweb/(S(55cydtoakxw4yxofsiantc1k))/DataSerach/SaleInfoHouseShow.aspx?PBTAB_ID=30581_MD004&SPJ_ID=c0976b7b-26eb-44dd-8670-3e82e4f0e897',
    title: '13'
  },
  {
    href: 'http://spf.szfcweb.com/szfcweb/(S(55cydtoakxw4yxofsiantc1k))/DataSerach/SaleInfoHouseShow.aspx?PBTAB_ID=30579_MD004&SPJ_ID=c0976b7b-26eb-44dd-8670-3e82e4f0e897',
    title: '10'
  },
  {
    href: 'http://spf.szfcweb.com/szfcweb/(S(55cydtoakxw4yxofsiantc1k))/DataSerach/SaleInfoHouseShow.aspx?PBTAB_ID=30576_MD004&SPJ_ID=4e5947bb-75a9-4a09-8167-291c7d16a3e2',
    title: '8'
  },
  {
    href: 'http://spf.szfcweb.com/szfcweb/(S(55cydtoakxw4yxofsiantc1k))/DataSerach/SaleInfoHouseShow.aspx?PBTAB_ID=30584_MD004&SPJ_ID=4e5947bb-75a9-4a09-8167-291c7d16a3e2',
    title: '16'
  },
  {
    href: 'http://spf.szfcweb.com/szfcweb/(S(55cydtoakxw4yxofsiantc1k))/DataSerach/SaleInfoHouseShow.aspx?PBTAB_ID=30580_MD004&SPJ_ID=4e5947bb-75a9-4a09-8167-291c7d16a3e2',
    title: '12'
  },
  {
    href: 'http://spf.szfcweb.com/szfcweb/(S(55cydtoakxw4yxofsiantc1k))/DataSerach/SaleInfoHouseShow.aspx?PBTAB_ID=30582_MD004&SPJ_ID=4e5947bb-75a9-4a09-8167-291c7d16a3e2',
    title: '14'
  }
]
[2022-06-18T23:05:50.081] [DEBUG] szfcweb - 开始访问 春风南岸花园一期
[2022-06-18T23:05:50.082] [DEBUG] szfcweb - Sleep: 4549 ms
[2022-06-18T23:05:54.780] [DEBUG] szfcweb - 开始访问 春风南岸花园三期
[2022-06-18T23:05:54.780] [DEBUG] szfcweb - Sleep: 2991 ms
[2022-06-18T23:05:57.887] [DEBUG] szfcweb - 开始访问 春风南岸花园二期
[2022-06-18T23:05:57.887] [DEBUG] szfcweb - Sleep: 2130 ms
[2022-06-18T23:06:00.127] [DEBUG] szfcweb - 查看楼栋 [6] 状态
[2022-06-18T23:06:00.404] [DEBUG] szfcweb - 查看楼栋 [7] 状态
[2022-06-18T23:08:18.802] [DEBUG] szfcweb - 开始访问 春风南岸花园一期
[2022-06-18T23:08:18.804] [DEBUG] szfcweb - Sleep: 3998 ms
[2022-06-18T23:08:22.914] [DEBUG] szfcweb - 开始访问 春风南岸花园三期
[2022-06-18T23:08:22.914] [DEBUG] szfcweb - Sleep: 4921 ms
[2022-06-18T23:08:27.943] [DEBUG] szfcweb - 开始访问 春风南岸花园二期
[2022-06-18T23:08:27.943] [DEBUG] szfcweb - Sleep: 2856 ms
[2022-06-18T23:08:30.968] [DEBUG] szfcweb - 查看楼栋 [6] 状态
[2022-06-18T23:08:31.247] [DEBUG] szfcweb - Sleep: 3301 ms
[2022-06-18T23:08:34.549] [DEBUG] szfcweb - 查看楼栋 [7] 状态
[2022-06-18T23:08:34.822] [DEBUG] szfcweb - Sleep: 3884 ms
[2022-06-18T23:08:38.706] [DEBUG] szfcweb - 查看楼栋 [3] 状态
[2022-06-18T23:08:38.985] [DEBUG] szfcweb - Sleep: 2520 ms
[2022-06-18T23:08:41.506] [DEBUG] szfcweb - 查看楼栋 [1] 状态
[2022-06-18T23:08:41.781] [DEBUG] szfcweb - Sleep: 2381 ms
[2022-06-18T23:08:44.162] [DEBUG] szfcweb - 查看楼栋 [15] 状态
[2022-06-18T23:08:44.436] [DEBUG] szfcweb - Sleep: 3730 ms
[2022-06-18T23:08:48.167] [DEBUG] szfcweb - 查看楼栋 [9] 状态
[2022-06-18T23:08:48.447] [DEBUG] szfcweb - Sleep: 3280 ms
[2022-06-18T23:08:51.727] [DEBUG] szfcweb - 查看楼栋 [13] 状态
[2022-06-18T23:08:51.996] [DEBUG] szfcweb - Sleep: 3954 ms
[2022-06-18T23:08:55.951] [DEBUG] szfcweb - 查看楼栋 [10] 状态
[2022-06-18T23:08:56.245] [DEBUG] szfcweb - Sleep: 4611 ms
[2022-06-18T23:09:00.857] [DEBUG] szfcweb - 查看楼栋 [8] 状态
[2022-06-18T23:09:01.137] [DEBUG] szfcweb - Sleep: 2804 ms
[2022-06-18T23:09:03.941] [DEBUG] szfcweb - 查看楼栋 [16] 状态
[2022-06-18T23:09:04.239] [DEBUG] szfcweb - Sleep: 3068 ms
[2022-06-18T23:09:07.307] [DEBUG] szfcweb - 查看楼栋 [12] 状态
[2022-06-18T23:09:07.581] [DEBUG] szfcweb - Sleep: 4411 ms
[2022-06-18T23:09:11.992] [DEBUG] szfcweb - 查看楼栋 [14] 状态
[2022-06-18T23:09:12.285] [DEBUG] szfcweb - Sleep: 4847 ms
[2022-06-18T23:12:47.849] [DEBUG] szfcweb - 开始访问 春风南岸花园一期
[2022-06-18T23:12:47.850] [DEBUG] szfcweb - Sleep: 2693 ms
[2022-06-18T23:12:50.673] [DEBUG] szfcweb - 开始访问 春风南岸花园三期
[2022-06-18T23:12:50.674] [DEBUG] szfcweb - Sleep: 4885 ms
[2022-06-18T23:12:55.658] [DEBUG] szfcweb - 开始访问 春风南岸花园二期
[2022-06-18T23:12:55.659] [DEBUG] szfcweb - Sleep: 4409 ms
[2022-06-18T23:13:00.259] [DEBUG] szfcweb - 查看楼栋 [6] 状态
[2022-06-18T23:13:01.550] [DEBUG] szfcweb - 查看楼栋 [7] 状态
[2022-06-18T23:13:02.802] [DEBUG] szfcweb - 查看楼栋 [3] 状态
[2022-06-18T23:13:04.063] [DEBUG] szfcweb - 查看楼栋 [1] 状态
[2022-06-18T23:13:05.391] [DEBUG] szfcweb - 查看楼栋 [15] 状态
[2022-06-18T23:13:06.669] [DEBUG] szfcweb - 查看楼栋 [9] 状态
[2022-06-18T23:13:07.980] [DEBUG] szfcweb - 查看楼栋 [13] 状态
[2022-06-18T23:13:09.235] [DEBUG] szfcweb - 查看楼栋 [10] 状态
[2022-06-18T23:13:10.495] [DEBUG] szfcweb - 查看楼栋 [8] 状态
[2022-06-18T23:13:11.770] [DEBUG] szfcweb - 查看楼栋 [16] 状态
[2022-06-18T23:13:13.041] [DEBUG] szfcweb - 查看楼栋 [12] 状态
[2022-06-18T23:13:14.328] [DEBUG] szfcweb - 查看楼栋 [14] 状态
[2022-07-17T22:50:49.355] [DEBUG] szfcweb - 开始访问 春风南岸花园一期
[2022-07-17T22:50:49.356] [DEBUG] szfcweb - Sleep: 3793 ms
[2022-07-17T22:50:53.356] [DEBUG] szfcweb - 开始访问 春风南岸花园三期
[2022-07-17T22:50:53.356] [DEBUG] szfcweb - Sleep: 4723 ms
[2022-07-17T22:50:58.303] [DEBUG] szfcweb - 开始访问 春风南岸花园二期
[2022-07-17T22:50:58.304] [DEBUG] szfcweb - Sleep: 2996 ms
[2022-07-17T22:51:01.511] [DEBUG] szfcweb - 查看楼栋 [6] 状态
[2022-07-17T22:51:02.818] [DEBUG] szfcweb - 查看楼栋 [1] 状态
[2022-07-17T22:51:04.238] [DEBUG] szfcweb - 查看楼栋 [7] 状态
[2022-07-17T22:51:05.614] [DEBUG] szfcweb - 查看楼栋 [3] 状态
[2022-07-17T22:51:07.039] [DEBUG] szfcweb - 查看楼栋 [15] 状态
[2022-07-17T22:51:08.498] [DEBUG] szfcweb - 查看楼栋 [9] 状态
[2022-07-17T22:51:09.926] [DEBUG] szfcweb - 查看楼栋 [13] 状态
[2022-07-17T22:51:11.359] [DEBUG] szfcweb - 查看楼栋 [10] 状态
[2022-07-17T22:51:12.811] [DEBUG] szfcweb - 查看楼栋 [8] 状态
[2022-07-17T22:51:14.380] [DEBUG] szfcweb - 查看楼栋 [16] 状态
[2022-07-17T22:51:15.687] [DEBUG] szfcweb - 查看楼栋 [12] 状态
[2022-07-17T22:51:17.286] [DEBUG] szfcweb - 查看楼栋 [14] 状态
[2022-07-18T15:51:36.411] [DEBUG] szfcweb - 开始访问 春风南岸花园一期
[2022-07-18T15:51:36.424] [DEBUG] szfcweb - Sleep: 4090 ms
[2022-07-18T15:51:40.682] [DEBUG] szfcweb - 开始访问 春风南岸花园三期
[2022-07-18T15:51:40.682] [DEBUG] szfcweb - Sleep: 4105 ms
[2022-07-18T15:51:44.895] [DEBUG] szfcweb - 开始访问 春风南岸花园二期
[2022-07-18T15:51:44.895] [DEBUG] szfcweb - Sleep: 2447 ms
[2022-07-18T15:51:47.463] [DEBUG] szfcweb - 查看楼栋 [6] 状态
[2022-07-18T15:51:49.849] [DEBUG] szfcweb - 查看楼栋 [1] 状态
[2022-07-18T15:51:51.826] [DEBUG] szfcweb - 查看楼栋 [7] 状态
[2022-07-18T15:51:53.655] [DEBUG] szfcweb - 查看楼栋 [3] 状态
[2022-07-18T15:51:55.461] [DEBUG] szfcweb - 查看楼栋 [15] 状态
[2022-07-18T15:51:57.280] [DEBUG] szfcweb - 查看楼栋 [9] 状态
[2022-07-18T15:51:58.666] [DEBUG] szfcweb - 查看楼栋 [13] 状态
[2022-07-18T15:52:00.411] [DEBUG] szfcweb - 查看楼栋 [10] 状态
[2022-07-18T15:52:01.836] [DEBUG] szfcweb - 查看楼栋 [8] 状态
[2022-07-18T15:52:03.239] [DEBUG] szfcweb - 查看楼栋 [16] 状态
[2022-07-18T15:52:04.644] [DEBUG] szfcweb - 查看楼栋 [12] 状态
[2022-07-18T15:52:06.044] [DEBUG] szfcweb - 查看楼栋 [14] 状态
[2022-07-18T15:53:05.962] [DEBUG] szfcweb - 开始访问 春风南岸花园一期
[2022-07-18T15:53:05.964] [DEBUG] szfcweb - Sleep: 3318 ms
[2022-07-18T15:53:09.398] [DEBUG] szfcweb - 开始访问 春风南岸花园三期
[2022-07-18T15:53:09.398] [DEBUG] szfcweb - Sleep: 2476 ms
[2022-07-18T15:53:11.984] [DEBUG] szfcweb - 开始访问 春风南岸花园二期
[2022-07-18T15:53:11.985] [DEBUG] szfcweb - Sleep: 3294 ms
[2022-07-18T15:53:15.398] [DEBUG] szfcweb - 查看楼栋 [6] 状态
[2022-07-18T15:53:17.851] [DEBUG] szfcweb - 查看楼栋 [1] 状态
[2022-07-18T15:53:19.624] [DEBUG] szfcweb - 查看楼栋 [7] 状态
[2022-07-18T15:53:21.024] [DEBUG] szfcweb - 查看楼栋 [3] 状态
[2022-07-18T15:53:22.821] [DEBUG] szfcweb - 查看楼栋 [15] 状态
[2022-07-18T15:53:24.233] [DEBUG] szfcweb - 查看楼栋 [9] 状态
[2022-07-18T15:53:25.620] [DEBUG] szfcweb - 查看楼栋 [13] 状态
[2022-07-18T15:53:27.017] [DEBUG] szfcweb - 查看楼栋 [10] 状态
[2022-07-18T15:53:28.417] [DEBUG] szfcweb - 查看楼栋 [8] 状态
[2022-07-18T15:53:29.785] [DEBUG] szfcweb - 查看楼栋 [16] 状态
[2022-07-18T15:53:31.192] [DEBUG] szfcweb - 查看楼栋 [12] 状态
[2022-07-18T15:53:32.587] [DEBUG] szfcweb - 查看楼栋 [14] 状态
[2022-07-18T16:09:45.416] [DEBUG] szfcweb - 开始访问 春风南岸花园一期
[2022-07-18T16:09:45.417] [DEBUG] szfcweb - Sleep: 4378 ms
[2022-07-18T16:09:49.987] [DEBUG] szfcweb - 开始访问 春风南岸花园三期
[2022-07-18T16:09:49.987] [DEBUG] szfcweb - Sleep: 4387 ms
[2022-07-18T16:09:54.528] [DEBUG] szfcweb - 开始访问 春风南岸花园二期
[2022-07-18T16:09:54.529] [DEBUG] szfcweb - Sleep: 2390 ms
[2022-07-18T16:09:57.046] [DEBUG] szfcweb - 查看楼栋 [6] 状态
[2022-07-18T16:09:59.430] [DEBUG] szfcweb - 查看楼栋 [1] 状态
[2022-07-18T16:10:00.825] [DEBUG] szfcweb - 查看楼栋 [7] 状态
[2022-07-18T16:10:02.762] [DEBUG] szfcweb - 查看楼栋 [3] 状态
[2022-07-18T16:10:04.869] [DEBUG] szfcweb - 查看楼栋 [15] 状态
[2022-07-18T16:10:06.664] [DEBUG] szfcweb - 查看楼栋 [9] 状态
[2022-07-18T16:10:08.134] [DEBUG] szfcweb - 查看楼栋 [13] 状态
[2022-07-18T16:10:09.608] [DEBUG] szfcweb - 查看楼栋 [10] 状态
[2022-07-18T16:10:10.965] [DEBUG] szfcweb - 查看楼栋 [8] 状态
[2022-07-18T16:10:12.393] [DEBUG] szfcweb - 查看楼栋 [16] 状态
[2022-07-18T16:10:14.032] [DEBUG] szfcweb - 查看楼栋 [12] 状态
[2022-07-18T16:10:15.533] [DEBUG] szfcweb - 查看楼栋 [14] 状态
[2022-07-18T16:13:17.838] [DEBUG] szfcweb - 开始访问 春风南岸花园一期
[2022-07-18T16:13:17.839] [DEBUG] szfcweb - Sleep: 2177 ms
[2022-07-18T16:13:20.139] [DEBUG] szfcweb - 开始访问 春风南岸花园三期
[2022-07-18T16:13:20.139] [DEBUG] szfcweb - Sleep: 2141 ms
[2022-07-18T16:13:22.439] [DEBUG] szfcweb - 开始访问 春风南岸花园二期
[2022-07-18T16:13:22.439] [DEBUG] szfcweb - Sleep: 4267 ms
[2022-07-18T16:13:26.800] [DEBUG] szfcweb - 查看楼栋 [6] 状态
[2022-07-18T16:13:28.381] [DEBUG] szfcweb - 查看楼栋 [1] 状态
[2022-07-18T16:13:29.700] [DEBUG] szfcweb - 查看楼栋 [7] 状态
[2022-07-18T16:13:31.036] [DEBUG] szfcweb - 查看楼栋 [3] 状态
[2022-07-18T16:13:32.328] [DEBUG] szfcweb - 查看楼栋 [15] 状态
[2022-07-18T16:13:33.628] [DEBUG] szfcweb - 查看楼栋 [9] 状态
[2022-07-18T16:13:34.968] [DEBUG] szfcweb - 查看楼栋 [13] 状态
[2022-07-18T16:13:36.278] [DEBUG] szfcweb - 查看楼栋 [10] 状态
[2022-07-18T16:13:37.600] [DEBUG] szfcweb - 查看楼栋 [8] 状态
[2022-07-18T16:13:38.999] [DEBUG] szfcweb - 查看楼栋 [16] 状态
[2022-07-18T16:13:40.381] [DEBUG] szfcweb - 查看楼栋 [12] 状态
[2022-07-18T16:13:41.716] [DEBUG] szfcweb - 查看楼栋 [14] 状态
[2022-07-19T23:18:07.892] [DEBUG] szfcweb - 开始访问 春风南岸花园一期
[2022-07-19T23:18:07.893] [DEBUG] szfcweb - Sleep: 4188 ms
[2022-07-19T23:18:12.695] [DEBUG] szfcweb - 开始访问 春风南岸花园三期
[2022-07-19T23:18:12.696] [DEBUG] szfcweb - Sleep: 4143 ms
[2022-07-19T23:20:27.785] [DEBUG] szfcweb - 开始访问 春风南岸花园一期
[2022-07-19T23:20:27.787] [DEBUG] szfcweb - Sleep: 4348 ms
[2022-07-19T23:20:32.222] [DEBUG] szfcweb - 开始访问 春风南岸花园三期
[2022-07-19T23:20:32.222] [DEBUG] szfcweb - Sleep: 3738 ms
[2022-07-19T23:20:36.068] [DEBUG] szfcweb - 开始访问 春风南岸花园二期
[2022-07-19T23:20:36.069] [DEBUG] szfcweb - Sleep: 4326 ms
[2022-07-19T23:20:40.709] [DEBUG] szfcweb - 查看楼栋 [6] 状态
[2022-07-19T23:20:42.529] [DEBUG] szfcweb - 查看楼栋 [1] 状态
[2022-07-19T23:20:43.847] [DEBUG] szfcweb - 查看楼栋 [7] 状态
[2022-07-19T23:20:45.353] [DEBUG] szfcweb - 查看楼栋 [3] 状态
[2022-07-19T23:20:46.746] [DEBUG] szfcweb - 查看楼栋 [15] 状态
[2022-07-19T23:20:48.156] [DEBUG] szfcweb - 查看楼栋 [9] 状态
[2022-07-19T23:20:49.628] [DEBUG] szfcweb - 查看楼栋 [13] 状态
[2022-07-19T23:20:51.043] [DEBUG] szfcweb - 查看楼栋 [10] 状态
[2022-07-19T23:20:52.689] [DEBUG] szfcweb - 查看楼栋 [8] 状态
[2022-07-19T23:20:54.095] [DEBUG] szfcweb - 查看楼栋 [16] 状态
[2022-07-19T23:20:55.553] [DEBUG] szfcweb - 查看楼栋 [12] 状态
[2022-07-19T23:20:56.990] [DEBUG] szfcweb - 查看楼栋 [14] 状态
[2022-07-20T22:31:51.912] [DEBUG] szfcweb - 开始访问 春风南岸花园一期
[2022-07-20T22:31:51.914] [DEBUG] szfcweb - Sleep: 4153 ms
[2022-07-20T22:31:56.198] [DEBUG] szfcweb - 开始访问 春风南岸花园三期
[2022-07-20T22:31:56.199] [DEBUG] szfcweb - Sleep: 2420 ms
[2022-07-20T22:31:58.729] [DEBUG] szfcweb - 开始访问 春风南岸花园二期
[2022-07-20T22:31:58.729] [DEBUG] szfcweb - Sleep: 3597 ms
[2022-07-20T22:32:02.440] [DEBUG] szfcweb - 查看楼栋 [6] 状态
[2022-07-20T22:32:04.192] [DEBUG] szfcweb - 查看楼栋 [1] 状态
[2022-07-20T22:32:05.545] [DEBUG] szfcweb - 查看楼栋 [7] 状态
[2022-07-20T22:32:06.906] [DEBUG] szfcweb - 查看楼栋 [3] 状态
[2022-07-20T22:32:08.267] [DEBUG] szfcweb - 查看楼栋 [15] 状态
[2022-07-20T22:32:09.700] [DEBUG] szfcweb - 查看楼栋 [9] 状态
[2022-07-20T22:32:11.076] [DEBUG] szfcweb - 查看楼栋 [13] 状态
[2022-07-20T22:32:12.423] [DEBUG] szfcweb - 查看楼栋 [10] 状态
[2022-07-20T22:32:13.741] [DEBUG] szfcweb - 查看楼栋 [8] 状态
[2022-07-20T22:32:15.089] [DEBUG] szfcweb - 查看楼栋 [16] 状态
[2022-07-20T22:32:16.426] [DEBUG] szfcweb - 查看楼栋 [12] 状态
[2022-07-20T22:32:17.777] [DEBUG] szfcweb - 查看楼栋 [14] 状态
[2022-07-21T23:41:01.645] [DEBUG] szfcweb - 开始访问 春风南岸花园一期
[2022-07-21T23:41:01.646] [DEBUG] szfcweb - Sleep: 2030 ms
[2022-07-21T23:41:04.000] [DEBUG] szfcweb - 开始访问 春风南岸花园三期
[2022-07-21T23:41:04.000] [DEBUG] szfcweb - Sleep: 2262 ms
[2022-07-21T23:41:06.618] [DEBUG] szfcweb - 开始访问 春风南岸花园二期
[2022-07-21T23:41:06.619] [DEBUG] szfcweb - Sleep: 4420 ms
[2022-07-21T23:41:11.314] [DEBUG] szfcweb - 查看楼栋 [6] 状态
[2022-07-21T23:41:13.366] [DEBUG] szfcweb - 查看楼栋 [1] 状态
[2022-07-21T23:41:14.898] [DEBUG] szfcweb - 查看楼栋 [7] 状态
[2022-07-21T23:41:16.581] [DEBUG] szfcweb - 查看楼栋 [3] 状态
[2022-07-21T23:41:18.077] [DEBUG] szfcweb - 查看楼栋 [15] 状态
[2022-07-21T23:41:19.712] [DEBUG] szfcweb - 查看楼栋 [9] 状态
[2022-07-21T23:41:21.279] [DEBUG] szfcweb - 查看楼栋 [13] 状态
[2022-07-21T23:41:22.879] [DEBUG] szfcweb - 查看楼栋 [10] 状态
[2022-07-21T23:41:24.512] [DEBUG] szfcweb - 查看楼栋 [8] 状态
[2022-07-21T23:41:26.112] [DEBUG] szfcweb - 查看楼栋 [16] 状态
[2022-07-21T23:41:27.533] [DEBUG] szfcweb - 查看楼栋 [12] 状态
[2022-07-21T23:41:29.147] [DEBUG] szfcweb - 查看楼栋 [14] 状态
[2022-07-22T23:03:09.777] [DEBUG] szfcweb - 开始访问 春风南岸花园一期
[2022-07-22T23:03:09.778] [DEBUG] szfcweb - Sleep: 4071 ms
[2022-07-22T23:03:14.081] [DEBUG] szfcweb - 开始访问 春风南岸花园三期
[2022-07-22T23:03:14.081] [DEBUG] szfcweb - Sleep: 3793 ms
[2022-07-22T23:03:18.065] [DEBUG] szfcweb - 开始访问 春风南岸花园二期
[2022-07-22T23:03:18.066] [DEBUG] szfcweb - Sleep: 2473 ms
[2022-07-22T23:03:20.788] [DEBUG] szfcweb - 查看楼栋 [6] 状态
[2022-07-22T23:03:22.560] [DEBUG] szfcweb - 查看楼栋 [1] 状态
[2022-07-22T23:03:23.938] [DEBUG] szfcweb - 查看楼栋 [7] 状态
[2022-07-22T23:03:25.376] [DEBUG] szfcweb - 查看楼栋 [3] 状态
[2022-07-22T23:03:26.807] [DEBUG] szfcweb - 查看楼栋 [15] 状态
[2022-07-22T23:03:28.285] [DEBUG] szfcweb - 查看楼栋 [9] 状态
[2022-07-22T23:03:29.687] [DEBUG] szfcweb - 查看楼栋 [13] 状态
[2022-07-22T23:03:31.135] [DEBUG] szfcweb - 查看楼栋 [10] 状态
[2022-07-22T23:03:32.571] [DEBUG] szfcweb - 查看楼栋 [8] 状态
[2022-07-22T23:03:34.037] [DEBUG] szfcweb - 查看楼栋 [16] 状态
[2022-07-22T23:03:35.473] [DEBUG] szfcweb - 查看楼栋 [12] 状态
[2022-07-22T23:03:36.933] [DEBUG] szfcweb - 查看楼栋 [14] 状态
[2022-07-23T19:24:52.428] [DEBUG] szfcweb - 开始访问 春风南岸花园一期
[2022-07-23T19:24:52.429] [DEBUG] szfcweb - Sleep: 2912 ms
[2022-07-23T19:24:55.607] [DEBUG] szfcweb - 开始访问 春风南岸花园三期
[2022-07-23T19:24:55.607] [DEBUG] szfcweb - Sleep: 2314 ms
[2022-07-23T19:24:58.319] [DEBUG] szfcweb - 开始访问 春风南岸花园二期
[2022-07-23T19:24:58.320] [DEBUG] szfcweb - Sleep: 3073 ms
[2022-07-23T19:25:02.004] [DEBUG] szfcweb - 查看楼栋 [6] 状态
[2022-07-23T19:25:04.427] [DEBUG] szfcweb - 查看楼栋 [1] 状态
[2022-07-23T19:25:05.772] [DEBUG] szfcweb - 查看楼栋 [7] 状态
[2022-07-23T19:25:07.234] [DEBUG] szfcweb - 查看楼栋 [3] 状态
[2022-07-23T19:25:08.651] [DEBUG] szfcweb - 查看楼栋 [15] 状态
[2022-07-23T19:25:10.097] [DEBUG] szfcweb - 查看楼栋 [9] 状态
[2022-07-23T19:25:11.701] [DEBUG] szfcweb - 查看楼栋 [13] 状态
[2022-07-23T19:25:13.315] [DEBUG] szfcweb - 查看楼栋 [10] 状态
[2022-07-23T19:25:14.730] [DEBUG] szfcweb - 查看楼栋 [8] 状态
[2022-07-23T19:25:16.198] [DEBUG] szfcweb - 查看楼栋 [16] 状态
[2022-07-23T19:25:17.622] [DEBUG] szfcweb - 查看楼栋 [12] 状态
[2022-07-23T19:25:19.054] [DEBUG] szfcweb - 查看楼栋 [14] 状态
[2022-07-24T22:00:35.199] [DEBUG] szfcweb - 开始访问 春风南岸花园一期
[2022-07-24T22:00:35.200] [DEBUG] szfcweb - Sleep: 3696 ms
[2022-07-24T22:00:39.006] [DEBUG] szfcweb - 开始访问 春风南岸花园三期
[2022-07-24T22:00:39.007] [DEBUG] szfcweb - Sleep: 3935 ms
[2022-07-24T22:00:43.045] [DEBUG] szfcweb - 开始访问 春风南岸花园二期
[2022-07-24T22:00:43.045] [DEBUG] szfcweb - Sleep: 2993 ms
[2022-07-24T22:00:46.131] [DEBUG] szfcweb - 查看楼栋 [6] 状态
[2022-07-24T22:00:47.898] [DEBUG] szfcweb - 查看楼栋 [1] 状态
[2022-07-24T22:00:49.220] [DEBUG] szfcweb - 查看楼栋 [7] 状态
[2022-07-24T22:00:50.548] [DEBUG] szfcweb - 查看楼栋 [3] 状态
[2022-07-24T22:00:51.901] [DEBUG] szfcweb - 查看楼栋 [15] 状态
[2022-07-24T22:00:53.286] [DEBUG] szfcweb - 查看楼栋 [9] 状态
[2022-07-24T22:00:54.701] [DEBUG] szfcweb - 查看楼栋 [13] 状态
[2022-07-24T22:00:56.028] [DEBUG] szfcweb - 查看楼栋 [10] 状态
[2022-07-24T22:00:57.374] [DEBUG] szfcweb - 查看楼栋 [8] 状态
[2022-07-24T22:00:58.731] [DEBUG] szfcweb - 查看楼栋 [16] 状态
[2022-07-24T22:01:00.098] [DEBUG] szfcweb - 查看楼栋 [12] 状态
[2022-07-24T22:01:01.509] [DEBUG] szfcweb - 查看楼栋 [14] 状态
[2022-07-26T22:36:09.921] [DEBUG] szfcweb - 开始访问 春风南岸花园一期
[2022-07-26T22:36:09.922] [DEBUG] szfcweb - Sleep: 4226 ms
[2022-07-26T22:36:14.253] [DEBUG] szfcweb - 开始访问 春风南岸花园三期
[2022-07-26T22:36:14.253] [DEBUG] szfcweb - Sleep: 4314 ms
[2022-07-26T22:36:18.658] [DEBUG] szfcweb - 开始访问 春风南岸花园二期
[2022-07-26T22:36:18.658] [DEBUG] szfcweb - Sleep: 4460 ms
[2022-07-26T22:36:23.220] [DEBUG] szfcweb - 查看楼栋 [6] 状态
[2022-07-26T22:36:25.010] [DEBUG] szfcweb - 查看楼栋 [1] 状态
[2022-07-26T22:36:26.378] [DEBUG] szfcweb - 查看楼栋 [7] 状态
[2022-07-26T22:36:27.735] [DEBUG] szfcweb - 查看楼栋 [3] 状态
[2022-07-26T22:36:29.067] [DEBUG] szfcweb - 查看楼栋 [15] 状态
[2022-07-26T22:36:30.377] [DEBUG] szfcweb - 查看楼栋 [9] 状态
[2022-07-26T22:36:31.756] [DEBUG] szfcweb - 查看楼栋 [13] 状态
[2022-07-26T22:36:33.104] [DEBUG] szfcweb - 查看楼栋 [10] 状态
[2022-07-26T22:36:34.413] [DEBUG] szfcweb - 查看楼栋 [8] 状态
[2022-07-26T22:36:35.777] [DEBUG] szfcweb - 查看楼栋 [16] 状态
[2022-07-26T22:36:37.185] [DEBUG] szfcweb - 查看楼栋 [12] 状态
[2022-07-26T22:36:38.516] [DEBUG] szfcweb - 查看楼栋 [14] 状态
[2022-07-27T22:16:35.352] [DEBUG] szfcweb - 开始访问 春风南岸花园一期
[2022-07-27T22:16:35.353] [DEBUG] szfcweb - Sleep: 3272 ms
[2022-07-27T22:16:38.913] [DEBUG] szfcweb - 开始访问 春风南岸花园三期
[2022-07-27T22:16:38.914] [DEBUG] szfcweb - Sleep: 4618 ms
[2022-07-27T22:16:43.631] [DEBUG] szfcweb - 开始访问 春风南岸花园二期
[2022-07-27T22:16:43.632] [DEBUG] szfcweb - Sleep: 2007 ms
[2022-07-27T22:16:45.742] [DEBUG] szfcweb - 查看楼栋 [6] 状态
[2022-07-27T22:16:47.487] [DEBUG] szfcweb - 查看楼栋 [1] 状态
[2022-07-27T22:16:48.822] [DEBUG] szfcweb - 查看楼栋 [7] 状态
[2022-07-27T22:16:50.166] [DEBUG] szfcweb - 查看楼栋 [3] 状态
[2022-07-27T22:16:51.503] [DEBUG] szfcweb - 查看楼栋 [15] 状态
[2022-07-27T22:16:52.852] [DEBUG] szfcweb - 查看楼栋 [9] 状态
[2022-07-27T22:16:54.219] [DEBUG] szfcweb - 查看楼栋 [13] 状态
[2022-07-27T22:16:55.550] [DEBUG] szfcweb - 查看楼栋 [10] 状态
[2022-07-27T22:16:56.919] [DEBUG] szfcweb - 查看楼栋 [8] 状态
[2022-07-27T22:16:58.267] [DEBUG] szfcweb - 查看楼栋 [16] 状态
[2022-07-27T22:16:59.638] [DEBUG] szfcweb - 查看楼栋 [12] 状态
[2022-07-27T22:17:00.988] [DEBUG] szfcweb - 查看楼栋 [14] 状态
[2022-07-29T22:47:02.384] [DEBUG] szfcweb - 开始访问 春风南岸花园一期
[2022-07-29T22:47:02.386] [DEBUG] szfcweb - Sleep: 3781 ms
[2022-07-29T22:47:06.353] [DEBUG] szfcweb - 开始访问 春风南岸花园三期
[2022-07-29T22:47:06.353] [DEBUG] szfcweb - Sleep: 2427 ms
[2022-07-29T22:47:08.901] [DEBUG] szfcweb - 开始访问 春风南岸花园二期
[2022-07-29T22:47:08.901] [DEBUG] szfcweb - Sleep: 4632 ms
[2022-07-29T22:47:13.703] [DEBUG] szfcweb - 查看楼栋 [6] 状态
[2022-07-29T22:47:15.539] [DEBUG] szfcweb - 查看楼栋 [1] 状态
[2022-07-29T22:47:17.008] [DEBUG] szfcweb - 查看楼栋 [7] 状态
[2022-07-29T22:47:18.481] [DEBUG] szfcweb - 查看楼栋 [3] 状态
[2022-07-29T22:47:19.905] [DEBUG] szfcweb - 查看楼栋 [15] 状态
[2022-07-29T22:47:21.503] [DEBUG] szfcweb - 查看楼栋 [9] 状态
[2022-07-29T22:47:22.923] [DEBUG] szfcweb - 查看楼栋 [13] 状态
[2022-07-29T22:47:24.671] [DEBUG] szfcweb - 查看楼栋 [10] 状态
[2022-07-29T22:47:26.120] [DEBUG] szfcweb - 查看楼栋 [8] 状态
[2022-07-29T22:47:27.621] [DEBUG] szfcweb - 查看楼栋 [16] 状态
[2022-07-29T22:47:29.028] [DEBUG] szfcweb - 查看楼栋 [12] 状态
[2022-07-29T22:47:30.476] [DEBUG] szfcweb - 查看楼栋 [14] 状态
[2022-07-30T22:44:34.981] [DEBUG] szfcweb - 开始访问 春风南岸花园一期
[2022-07-30T22:44:34.982] [DEBUG] szfcweb - Sleep: 3193 ms
[2022-07-30T22:44:38.452] [DEBUG] szfcweb - 开始访问 春风南岸花园三期
[2022-07-30T22:44:38.453] [DEBUG] szfcweb - Sleep: 3502 ms
[2022-07-30T22:44:42.134] [DEBUG] szfcweb - 开始访问 春风南岸花园二期
[2022-07-30T22:44:42.135] [DEBUG] szfcweb - Sleep: 2508 ms
[2022-07-30T22:44:44.826] [DEBUG] szfcweb - 查看楼栋 [6] 状态
[2022-07-30T22:44:46.691] [DEBUG] szfcweb - 查看楼栋 [1] 状态
[2022-07-30T22:44:48.174] [DEBUG] szfcweb - 查看楼栋 [7] 状态
[2022-07-30T22:44:49.540] [DEBUG] szfcweb - 查看楼栋 [3] 状态
[2022-07-30T22:44:50.892] [DEBUG] szfcweb - 查看楼栋 [15] 状态
[2022-07-30T22:44:52.246] [DEBUG] szfcweb - 查看楼栋 [9] 状态
[2022-07-30T22:44:53.682] [DEBUG] szfcweb - 查看楼栋 [13] 状态
[2022-07-30T22:44:55.010] [DEBUG] szfcweb - 查看楼栋 [10] 状态
[2022-07-30T22:44:56.423] [DEBUG] szfcweb - 查看楼栋 [8] 状态
[2022-07-30T22:44:57.779] [DEBUG] szfcweb - 查看楼栋 [16] 状态
[2022-07-30T22:44:59.324] [DEBUG] szfcweb - 查看楼栋 [12] 状态
[2022-07-30T22:45:00.732] [DEBUG] szfcweb - 查看楼栋 [14] 状态
[2022-07-31T23:11:50.780] [DEBUG] szfcweb - 开始访问 春风南岸花园一期
[2022-07-31T23:11:50.781] [DEBUG] szfcweb - Sleep: 2891 ms
[2022-07-31T23:11:54.114] [DEBUG] szfcweb - 开始访问 春风南岸花园三期
[2022-07-31T23:11:54.115] [DEBUG] szfcweb - Sleep: 2544 ms
[2022-07-31T23:11:58.695] [DEBUG] szfcweb - 开始访问 春风南岸花园二期
[2022-07-31T23:11:58.696] [DEBUG] szfcweb - Sleep: 4611 ms
[2022-07-31T23:12:06.181] [DEBUG] szfcweb - 查看楼栋 [6] 状态
[2022-07-31T23:12:09.028] [DEBUG] szfcweb - 查看楼栋 [1] 状态
[2022-07-31T23:12:21.053] [DEBUG] szfcweb - 查看楼栋 [7] 状态
[2022-07-31T23:12:23.253] [DEBUG] szfcweb - 查看楼栋 [3] 状态
[2022-07-31T23:12:25.051] [DEBUG] szfcweb - 查看楼栋 [15] 状态
[2022-07-31T23:12:26.801] [DEBUG] szfcweb - 查看楼栋 [9] 状态
[2022-07-31T23:12:28.306] [DEBUG] szfcweb - 查看楼栋 [13] 状态
[2022-07-31T23:12:30.683] [DEBUG] szfcweb - 查看楼栋 [10] 状态
[2022-07-31T23:12:32.829] [DEBUG] szfcweb - 查看楼栋 [8] 状态
[2022-07-31T23:12:34.296] [DEBUG] szfcweb - 查看楼栋 [16] 状态
[2022-07-31T23:12:36.386] [DEBUG] szfcweb - 查看楼栋 [12] 状态
[2022-07-31T23:12:38.416] [DEBUG] szfcweb - 查看楼栋 [14] 状态
[2022-08-01T23:10:28.751] [DEBUG] szfcweb - 开始访问 春风南岸花园一期
[2022-08-01T23:10:28.753] [DEBUG] szfcweb - Sleep: 3767 ms
[2022-08-01T23:10:32.628] [DEBUG] szfcweb - 开始访问 春风南岸花园三期
[2022-08-01T23:10:32.629] [DEBUG] szfcweb - Sleep: 3550 ms
[2022-08-01T23:10:36.314] [DEBUG] szfcweb - 开始访问 春风南岸花园二期
[2022-08-01T23:10:36.314] [DEBUG] szfcweb - Sleep: 4866 ms
[2022-08-01T23:10:41.305] [DEBUG] szfcweb - 查看楼栋 [6] 状态
[2022-08-01T23:10:43.234] [DEBUG] szfcweb - 查看楼栋 [1] 状态
[2022-08-01T23:10:44.584] [DEBUG] szfcweb - 查看楼栋 [7] 状态
[2022-08-01T23:10:45.911] [DEBUG] szfcweb - 查看楼栋 [3] 状态
[2022-08-01T23:10:47.244] [DEBUG] szfcweb - 查看楼栋 [15] 状态
[2022-08-01T23:10:48.581] [DEBUG] szfcweb - 查看楼栋 [9] 状态
[2022-08-01T23:10:49.997] [DEBUG] szfcweb - 查看楼栋 [13] 状态
[2022-08-01T23:10:51.380] [DEBUG] szfcweb - 查看楼栋 [10] 状态
[2022-08-01T23:10:52.726] [DEBUG] szfcweb - 查看楼栋 [8] 状态
[2022-08-01T23:10:54.604] [DEBUG] szfcweb - 查看楼栋 [16] 状态
[2022-08-01T23:10:56.622] [DEBUG] szfcweb - 查看楼栋 [12] 状态
[2022-08-01T23:10:58.119] [DEBUG] szfcweb - 查看楼栋 [14] 状态
[2022-08-02T23:19:00.426] [DEBUG] szfcweb - 开始访问 春风南岸花园一期
[2022-08-02T23:19:00.427] [DEBUG] szfcweb - Sleep: 4630 ms
[2022-08-02T23:19:05.315] [DEBUG] szfcweb - 开始访问 春风南岸花园三期
[2022-08-02T23:19:05.316] [DEBUG] szfcweb - Sleep: 2196 ms
[2022-08-02T23:19:07.626] [DEBUG] szfcweb - 开始访问 春风南岸花园二期
[2022-08-02T23:19:07.626] [DEBUG] szfcweb - Sleep: 3962 ms
[2022-08-02T23:19:11.750] [DEBUG] szfcweb - 查看楼栋 [6] 状态
[2022-08-02T23:19:13.483] [DEBUG] szfcweb - 查看楼栋 [1] 状态
[2022-08-02T23:19:14.841] [DEBUG] szfcweb - 查看楼栋 [7] 状态
[2022-08-02T23:19:16.208] [DEBUG] szfcweb - 查看楼栋 [3] 状态
[2022-08-02T23:19:17.657] [DEBUG] szfcweb - 查看楼栋 [15] 状态
[2022-08-02T23:19:19.025] [DEBUG] szfcweb - 查看楼栋 [9] 状态
[2022-08-02T23:19:20.395] [DEBUG] szfcweb - 查看楼栋 [13] 状态
[2022-08-02T23:19:21.753] [DEBUG] szfcweb - 查看楼栋 [10] 状态
[2022-08-02T23:19:23.105] [DEBUG] szfcweb - 查看楼栋 [8] 状态
[2022-08-02T23:19:24.469] [DEBUG] szfcweb - 查看楼栋 [16] 状态
[2022-08-02T23:19:25.840] [DEBUG] szfcweb - 查看楼栋 [12] 状态
[2022-08-02T23:19:27.309] [DEBUG] szfcweb - 查看楼栋 [14] 状态
[2022-08-03T22:26:03.965] [DEBUG] szfcweb - 开始访问 春风南岸花园一期
[2022-08-03T22:26:03.966] [DEBUG] szfcweb - Sleep: 2159 ms
[2022-08-03T22:26:06.356] [DEBUG] szfcweb - 开始访问 春风南岸花园三期
[2022-08-03T22:26:06.356] [DEBUG] szfcweb - Sleep: 4877 ms
[2022-08-03T22:26:11.470] [DEBUG] szfcweb - 开始访问 春风南岸花园二期
[2022-08-03T22:26:11.470] [DEBUG] szfcweb - Sleep: 2504 ms
[2022-08-03T22:26:14.184] [DEBUG] szfcweb - 查看楼栋 [6] 状态
[2022-08-03T22:26:16.019] [DEBUG] szfcweb - 查看楼栋 [1] 状态
[2022-08-03T22:26:17.490] [DEBUG] szfcweb - 查看楼栋 [7] 状态
[2022-08-03T22:26:19.241] [DEBUG] szfcweb - 查看楼栋 [3] 状态
[2022-08-03T22:26:20.692] [DEBUG] szfcweb - 查看楼栋 [15] 状态
[2022-08-03T22:26:22.157] [DEBUG] szfcweb - 查看楼栋 [9] 状态
[2022-08-03T22:26:23.577] [DEBUG] szfcweb - 查看楼栋 [13] 状态
[2022-08-03T22:26:25.043] [DEBUG] szfcweb - 查看楼栋 [10] 状态
[2022-08-03T22:26:26.470] [DEBUG] szfcweb - 查看楼栋 [8] 状态
[2022-08-03T22:26:27.888] [DEBUG] szfcweb - 查看楼栋 [16] 状态
[2022-08-03T22:26:29.357] [DEBUG] szfcweb - 查看楼栋 [12] 状态
[2022-08-03T22:26:30.776] [DEBUG] szfcweb - 查看楼栋 [14] 状态
[2022-08-04T23:28:10.025] [DEBUG] szfcweb - 开始访问 春风南岸花园一期
[2022-08-04T23:28:10.027] [DEBUG] szfcweb - Sleep: 2636 ms
[2022-08-04T23:28:12.778] [DEBUG] szfcweb - 开始访问 春风南岸花园三期
[2022-08-04T23:28:12.779] [DEBUG] szfcweb - Sleep: 4912 ms
[2022-08-04T23:28:17.808] [DEBUG] szfcweb - 开始访问 春风南岸花园二期
[2022-08-04T23:28:17.808] [DEBUG] szfcweb - Sleep: 3566 ms
[2022-08-04T23:28:21.569] [DEBUG] szfcweb - 查看楼栋 [6] 状态
[2022-08-04T23:28:23.526] [DEBUG] szfcweb - 查看楼栋 [1] 状态
[2022-08-04T23:28:24.880] [DEBUG] szfcweb - 查看楼栋 [7] 状态
[2022-08-04T23:28:26.202] [DEBUG] szfcweb - 查看楼栋 [3] 状态
[2022-08-04T23:28:27.546] [DEBUG] szfcweb - 查看楼栋 [15] 状态
[2022-08-04T23:28:28.935] [DEBUG] szfcweb - 查看楼栋 [9] 状态
[2022-08-04T23:28:30.301] [DEBUG] szfcweb - 查看楼栋 [13] 状态
[2022-08-04T23:28:31.681] [DEBUG] szfcweb - 查看楼栋 [10] 状态
[2022-08-04T23:28:33.033] [DEBUG] szfcweb - 查看楼栋 [8] 状态
[2022-08-04T23:28:34.433] [DEBUG] szfcweb - 查看楼栋 [16] 状态
[2022-08-04T23:28:35.802] [DEBUG] szfcweb - 查看楼栋 [12] 状态
[2022-08-04T23:28:37.232] [DEBUG] szfcweb - 查看楼栋 [14] 状态
[2022-08-05T22:42:28.137] [DEBUG] szfcweb - 开始访问 春风南岸花园一期
[2022-08-05T22:42:28.139] [DEBUG] szfcweb - Sleep: 4473 ms
[2022-08-05T22:42:32.719] [DEBUG] szfcweb - 开始访问 春风南岸花园三期
[2022-08-05T22:42:32.720] [DEBUG] szfcweb - Sleep: 2657 ms
[2022-08-05T22:42:35.490] [DEBUG] szfcweb - 开始访问 春风南岸花园二期
[2022-08-05T22:42:35.490] [DEBUG] szfcweb - Sleep: 2172 ms
[2022-08-05T22:42:37.763] [DEBUG] szfcweb - 查看楼栋 [6] 状态
[2022-08-05T22:42:39.499] [DEBUG] szfcweb - 查看楼栋 [1] 状态
[2022-08-05T22:42:40.861] [DEBUG] szfcweb - 查看楼栋 [7] 状态
[2022-08-05T22:42:42.276] [DEBUG] szfcweb - 查看楼栋 [3] 状态
[2022-08-05T22:42:43.626] [DEBUG] szfcweb - 查看楼栋 [15] 状态
[2022-08-05T22:42:44.982] [DEBUG] szfcweb - 查看楼栋 [9] 状态
[2022-08-05T22:42:46.691] [DEBUG] szfcweb - 查看楼栋 [13] 状态
[2022-08-05T22:42:48.022] [DEBUG] szfcweb - 查看楼栋 [10] 状态
[2022-08-05T22:42:49.419] [DEBUG] szfcweb - 查看楼栋 [8] 状态
[2022-08-05T22:42:50.771] [DEBUG] szfcweb - 查看楼栋 [16] 状态
[2022-08-05T22:42:52.203] [DEBUG] szfcweb - 查看楼栋 [12] 状态
[2022-08-05T22:42:53.658] [DEBUG] szfcweb - 查看楼栋 [14] 状态
[2022-08-06T22:36:00.027] [DEBUG] szfcweb - 开始访问 春风南岸花园一期
[2022-08-06T22:36:00.029] [DEBUG] szfcweb - Sleep: 4586 ms
[2022-08-06T22:36:04.726] [DEBUG] szfcweb - 开始访问 春风南岸花园三期
[2022-08-06T22:36:04.727] [DEBUG] szfcweb - Sleep: 2106 ms
[2022-08-06T22:36:07.111] [DEBUG] szfcweb - 开始访问 春风南岸花园二期
[2022-08-06T22:36:07.111] [DEBUG] szfcweb - Sleep: 4979 ms
[2022-08-06T22:36:12.395] [DEBUG] szfcweb - 查看楼栋 [6] 状态
[2022-08-06T22:36:14.119] [DEBUG] szfcweb - 查看楼栋 [1] 状态
[2022-08-06T22:36:15.473] [DEBUG] szfcweb - 查看楼栋 [7] 状态
[2022-08-06T22:36:16.772] [DEBUG] szfcweb - 查看楼栋 [3] 状态
[2022-08-06T22:36:18.154] [DEBUG] szfcweb - 查看楼栋 [15] 状态
[2022-08-06T22:36:19.655] [DEBUG] szfcweb - 查看楼栋 [9] 状态
[2022-08-06T22:36:21.013] [DEBUG] szfcweb - 查看楼栋 [13] 状态
[2022-08-06T22:36:22.406] [DEBUG] szfcweb - 查看楼栋 [10] 状态
[2022-08-06T22:36:23.886] [DEBUG] szfcweb - 查看楼栋 [8] 状态
[2022-08-06T22:36:25.308] [DEBUG] szfcweb - 查看楼栋 [16] 状态
[2022-08-06T22:36:26.671] [DEBUG] szfcweb - 查看楼栋 [12] 状态
[2022-08-06T22:36:28.061] [DEBUG] szfcweb - 查看楼栋 [14] 状态
[2022-08-09T23:15:02.338] [DEBUG] szfcweb - 开始访问 春风南岸花园一期
[2022-08-09T23:15:02.339] [DEBUG] szfcweb - Sleep: 4518 ms
[2022-08-09T23:15:07.090] [DEBUG] szfcweb - 开始访问 春风南岸花园三期
[2022-08-09T23:15:07.091] [DEBUG] szfcweb - Sleep: 2825 ms
[2022-08-09T23:15:10.123] [DEBUG] szfcweb - 开始访问 春风南岸花园二期
[2022-08-09T23:15:10.123] [DEBUG] szfcweb - Sleep: 4583 ms
[2022-08-09T23:15:14.923] [DEBUG] szfcweb - 查看楼栋 [6] 状态
[2022-08-09T23:15:16.768] [DEBUG] szfcweb - 查看楼栋 [1] 状态
[2022-08-09T23:15:18.252] [DEBUG] szfcweb - 查看楼栋 [7] 状态
[2022-08-09T23:15:19.686] [DEBUG] szfcweb - 查看楼栋 [3] 状态
[2022-08-09T23:15:21.102] [DEBUG] szfcweb - 查看楼栋 [15] 状态
[2022-08-09T23:15:22.576] [DEBUG] szfcweb - 查看楼栋 [9] 状态
[2022-08-09T23:15:24.008] [DEBUG] szfcweb - 查看楼栋 [13] 状态
[2022-08-09T23:15:25.599] [DEBUG] szfcweb - 查看楼栋 [10] 状态
[2022-08-09T23:15:27.216] [DEBUG] szfcweb - 查看楼栋 [8] 状态
[2022-08-09T23:15:28.695] [DEBUG] szfcweb - 查看楼栋 [16] 状态
[2022-08-09T23:15:30.729] [DEBUG] szfcweb - 查看楼栋 [12] 状态
[2022-08-09T23:15:32.496] [DEBUG] szfcweb - 查看楼栋 [14] 状态
[2022-08-10T23:19:53.771] [DEBUG] szfcweb - 开始访问 春风南岸花园一期
[2022-08-10T23:19:53.772] [DEBUG] szfcweb - Sleep: 2069 ms
[2022-08-10T23:19:56.498] [DEBUG] szfcweb - 开始访问 春风南岸花园三期
[2022-08-10T23:19:56.498] [DEBUG] szfcweb - Sleep: 2205 ms
[2022-08-10T23:20:01.231] [DEBUG] szfcweb - 开始访问 春风南岸花园二期
[2022-08-10T23:20:01.232] [DEBUG] szfcweb - Sleep: 2406 ms
[2022-08-10T23:20:07.013] [DEBUG] szfcweb - 查看楼栋 [6] 状态
[2022-08-10T23:20:15.051] [DEBUG] szfcweb - 查看楼栋 [1] 状态
[2022-08-10T23:20:19.442] [DEBUG] szfcweb - 查看楼栋 [7] 状态
[2022-08-10T23:20:28.864] [DEBUG] szfcweb - 查看楼栋 [3] 状态
[2022-08-10T23:20:33.189] [DEBUG] szfcweb - 查看楼栋 [15] 状态
[2022-08-10T23:20:39.602] [DEBUG] szfcweb - 查看楼栋 [9] 状态
[2022-08-10T23:20:44.074] [DEBUG] szfcweb - 查看楼栋 [13] 状态
[2022-08-10T23:20:50.770] [DEBUG] szfcweb - 查看楼栋 [10] 状态
[2022-08-10T23:20:56.659] [DEBUG] szfcweb - 查看楼栋 [8] 状态
[2022-08-10T23:21:01.025] [DEBUG] szfcweb - 查看楼栋 [16] 状态
[2022-08-10T23:21:06.078] [DEBUG] szfcweb - 查看楼栋 [12] 状态
[2022-08-10T23:21:09.242] [DEBUG] szfcweb - 查看楼栋 [14] 状态
[2022-08-11T23:19:29.001] [DEBUG] szfcweb - 开始访问 春风南岸花园一期
[2022-08-11T23:19:29.002] [DEBUG] szfcweb - Sleep: 4601 ms
[2022-08-11T23:19:33.724] [DEBUG] szfcweb - 开始访问 春风南岸花园三期
[2022-08-11T23:19:33.724] [DEBUG] szfcweb - Sleep: 4818 ms
[2022-08-11T23:19:38.649] [DEBUG] szfcweb - 开始访问 春风南岸花园二期
[2022-08-11T23:19:38.650] [DEBUG] szfcweb - Sleep: 3956 ms
[2022-08-11T23:19:42.708] [DEBUG] szfcweb - 查看楼栋 [6] 状态
[2022-08-11T23:19:44.436] [DEBUG] szfcweb - 查看楼栋 [1] 状态
[2022-08-11T23:19:45.762] [DEBUG] szfcweb - 查看楼栋 [7] 状态
[2022-08-11T23:19:47.107] [DEBUG] szfcweb - 查看楼栋 [3] 状态
[2022-08-11T23:19:48.424] [DEBUG] szfcweb - 查看楼栋 [15] 状态
[2022-08-11T23:19:49.801] [DEBUG] szfcweb - 查看楼栋 [9] 状态
[2022-08-11T23:19:51.173] [DEBUG] szfcweb - 查看楼栋 [13] 状态
[2022-08-11T23:19:52.600] [DEBUG] szfcweb - 查看楼栋 [10] 状态
[2022-08-11T23:19:53.915] [DEBUG] szfcweb - 查看楼栋 [8] 状态
[2022-08-11T23:19:55.281] [DEBUG] szfcweb - 查看楼栋 [16] 状态
[2022-08-11T23:19:56.665] [DEBUG] szfcweb - 查看楼栋 [12] 状态
[2022-08-11T23:19:58.026] [DEBUG] szfcweb - 查看楼栋 [14] 状态
[2022-08-12T23:36:00.093] [DEBUG] szfcweb - 开始访问 春风南岸花园一期
[2022-08-12T23:36:00.094] [DEBUG] szfcweb - Sleep: 2363 ms
[2022-08-12T23:36:02.624] [DEBUG] szfcweb - 开始访问 春风南岸花园三期
[2022-08-12T23:36:02.625] [DEBUG] szfcweb - Sleep: 2179 ms
[2022-08-12T23:36:05.017] [DEBUG] szfcweb - 开始访问 春风南岸花园二期
[2022-08-12T23:36:05.018] [DEBUG] szfcweb - Sleep: 2767 ms
[2022-08-12T23:36:07.903] [DEBUG] szfcweb - 查看楼栋 [6] 状态
[2022-08-12T23:36:09.705] [DEBUG] szfcweb - 查看楼栋 [1] 状态
[2022-08-12T23:36:11.203] [DEBUG] szfcweb - 查看楼栋 [7] 状态
[2022-08-12T23:36:12.637] [DEBUG] szfcweb - 查看楼栋 [3] 状态
[2022-08-12T23:36:14.109] [DEBUG] szfcweb - 查看楼栋 [15] 状态
[2022-08-12T23:36:15.534] [DEBUG] szfcweb - 查看楼栋 [9] 状态
[2022-08-12T23:36:16.994] [DEBUG] szfcweb - 查看楼栋 [13] 状态
[2022-08-12T23:36:18.754] [DEBUG] szfcweb - 查看楼栋 [10] 状态
[2022-08-12T23:36:20.171] [DEBUG] szfcweb - 查看楼栋 [8] 状态
[2022-08-12T23:36:21.620] [DEBUG] szfcweb - 查看楼栋 [16] 状态
[2022-08-12T23:36:23.052] [DEBUG] szfcweb - 查看楼栋 [12] 状态
[2022-08-12T23:36:24.503] [DEBUG] szfcweb - 查看楼栋 [14] 状态
[2022-08-13T23:08:03.017] [DEBUG] szfcweb - 开始访问 春风南岸花园一期
[2022-08-13T23:08:03.019] [DEBUG] szfcweb - Sleep: 4361 ms
[2022-08-13T23:08:07.969] [DEBUG] szfcweb - 开始访问 春风南岸花园三期
[2022-08-13T23:08:07.970] [DEBUG] szfcweb - Sleep: 2318 ms
[2022-08-13T23:08:11.144] [DEBUG] szfcweb - 开始访问 春风南岸花园二期
[2022-08-13T23:08:11.144] [DEBUG] szfcweb - Sleep: 4017 ms
[2022-08-13T23:08:17.234] [DEBUG] szfcweb - 查看楼栋 [6] 状态
[2022-08-13T23:08:20.084] [DEBUG] szfcweb - 查看楼栋 [1] 状态
[2022-08-13T23:08:22.463] [DEBUG] szfcweb - 查看楼栋 [7] 状态
[2022-08-13T23:08:24.683] [DEBUG] szfcweb - 查看楼栋 [3] 状态
[2022-08-13T23:08:26.281] [DEBUG] szfcweb - 查看楼栋 [15] 状态
[2022-08-13T23:08:27.748] [DEBUG] szfcweb - 查看楼栋 [9] 状态
[2022-08-13T23:08:29.649] [DEBUG] szfcweb - 查看楼栋 [13] 状态
[2022-08-13T23:08:31.587] [DEBUG] szfcweb - 查看楼栋 [10] 状态
[2022-08-13T23:08:34.146] [DEBUG] szfcweb - 查看楼栋 [8] 状态
[2022-08-13T23:08:36.378] [DEBUG] szfcweb - 查看楼栋 [16] 状态
[2022-08-13T23:08:37.967] [DEBUG] szfcweb - 查看楼栋 [12] 状态
[2022-08-13T23:08:40.049] [DEBUG] szfcweb - 查看楼栋 [14] 状态
[2022-08-14T23:50:03.005] [DEBUG] szfcweb - 开始访问 春风南岸花园一期
[2022-08-14T23:50:03.006] [DEBUG] szfcweb - Sleep: 2850 ms
[2022-08-14T23:50:06.836] [DEBUG] szfcweb - 开始访问 春风南岸花园三期
[2022-08-14T23:50:06.836] [DEBUG] szfcweb - Sleep: 2849 ms
[2022-08-14T23:50:10.334] [DEBUG] szfcweb - 开始访问 春风南岸花园二期
[2022-08-14T23:50:10.334] [DEBUG] szfcweb - Sleep: 2035 ms
[2022-08-14T23:50:13.961] [DEBUG] szfcweb - 查看楼栋 [6] 状态
[2022-08-14T23:50:16.098] [DEBUG] szfcweb - 查看楼栋 [1] 状态
[2022-08-14T23:50:17.652] [DEBUG] szfcweb - 查看楼栋 [7] 状态
[2022-08-14T23:50:19.398] [DEBUG] szfcweb - 查看楼栋 [3] 状态
[2022-08-14T23:50:20.865] [DEBUG] szfcweb - 查看楼栋 [15] 状态
[2022-08-14T23:50:22.582] [DEBUG] szfcweb - 查看楼栋 [9] 状态
[2022-08-14T23:50:24.873] [DEBUG] szfcweb - 查看楼栋 [13] 状态
[2022-08-14T23:50:26.447] [DEBUG] szfcweb - 查看楼栋 [10] 状态
[2022-08-14T23:50:27.893] [DEBUG] szfcweb - 查看楼栋 [8] 状态
[2022-08-14T23:50:29.350] [DEBUG] szfcweb - 查看楼栋 [16] 状态
[2022-08-14T23:50:30.780] [DEBUG] szfcweb - 查看楼栋 [12] 状态
[2022-08-14T23:50:32.214] [DEBUG] szfcweb - 查看楼栋 [14] 状态
[2022-08-16T23:12:04.435] [DEBUG] szfcweb - 开始访问 春风南岸花园一期
[2022-08-16T23:12:04.436] [DEBUG] szfcweb - Sleep: 2347 ms
[2022-08-16T23:12:07.173] [DEBUG] szfcweb - 开始访问 春风南岸花园三期
[2022-08-16T23:12:07.173] [DEBUG] szfcweb - Sleep: 2841 ms
[2022-08-16T23:12:11.738] [DEBUG] szfcweb - 开始访问 春风南岸花园二期
[2022-08-16T23:12:11.738] [DEBUG] szfcweb - Sleep: 4336 ms
[2022-08-16T23:12:16.228] [DEBUG] szfcweb - 查看楼栋 [6] 状态
[2022-08-16T23:12:17.988] [DEBUG] szfcweb - 查看楼栋 [1] 状态
[2022-08-16T23:12:19.320] [DEBUG] szfcweb - 查看楼栋 [7] 状态
[2022-08-16T23:12:20.764] [DEBUG] szfcweb - 查看楼栋 [3] 状态
[2022-08-16T23:12:22.548] [DEBUG] szfcweb - 查看楼栋 [15] 状态
[2022-08-16T23:12:24.448] [DEBUG] szfcweb - 查看楼栋 [9] 状态
[2022-08-16T23:12:27.399] [DEBUG] szfcweb - 查看楼栋 [13] 状态
[2022-08-16T23:12:28.736] [DEBUG] szfcweb - 查看楼栋 [10] 状态
[2022-08-16T23:12:30.281] [DEBUG] szfcweb - 查看楼栋 [8] 状态
[2022-08-16T23:12:31.948] [DEBUG] szfcweb - 查看楼栋 [16] 状态
[2022-08-16T23:12:33.669] [DEBUG] szfcweb - 查看楼栋 [12] 状态
[2022-08-16T23:12:35.051] [DEBUG] szfcweb - 查看楼栋 [14] 状态
[2022-08-17T23:30:36.813] [DEBUG] szfcweb - 开始访问 春风南岸花园一期
[2022-08-17T23:30:36.814] [DEBUG] szfcweb - Sleep: 2898 ms
[2022-08-17T23:30:39.907] [DEBUG] szfcweb - 开始访问 春风南岸花园三期
[2022-08-17T23:30:39.907] [DEBUG] szfcweb - Sleep: 2321 ms
[2022-08-17T23:30:42.650] [DEBUG] szfcweb - 开始访问 春风南岸花园二期
[2022-08-17T23:30:42.650] [DEBUG] szfcweb - Sleep: 2638 ms
[2022-08-17T23:30:45.635] [DEBUG] szfcweb - 查看楼栋 [6] 状态
[2022-08-17T23:30:47.496] [DEBUG] szfcweb - 查看楼栋 [1] 状态
[2022-08-17T23:30:48.852] [DEBUG] szfcweb - 查看楼栋 [7] 状态
[2022-08-17T23:30:50.223] [DEBUG] szfcweb - 查看楼栋 [3] 状态
[2022-08-17T23:30:51.551] [DEBUG] szfcweb - 查看楼栋 [15] 状态
[2022-08-17T23:30:52.876] [DEBUG] szfcweb - 查看楼栋 [9] 状态
[2022-08-17T23:30:54.214] [DEBUG] szfcweb - 查看楼栋 [13] 状态
[2022-08-17T23:30:55.626] [DEBUG] szfcweb - 查看楼栋 [10] 状态
[2022-08-17T23:30:56.977] [DEBUG] szfcweb - 查看楼栋 [8] 状态
[2022-08-17T23:30:58.363] [DEBUG] szfcweb - 查看楼栋 [16] 状态
[2022-08-17T23:30:59.751] [DEBUG] szfcweb - 查看楼栋 [12] 状态
[2022-08-17T23:31:01.138] [DEBUG] szfcweb - 查看楼栋 [14] 状态
[2022-08-19T23:02:45.676] [DEBUG] szfcweb - 开始访问 春风南岸花园一期
[2022-08-19T23:02:45.677] [DEBUG] szfcweb - Sleep: 2908 ms
[2022-08-19T23:02:48.788] [DEBUG] szfcweb - 开始访问 春风南岸花园三期
[2022-08-19T23:02:48.788] [DEBUG] szfcweb - Sleep: 4083 ms
[2022-08-19T23:02:52.980] [DEBUG] szfcweb - 开始访问 春风南岸花园二期
[2022-08-19T23:02:52.981] [DEBUG] szfcweb - Sleep: 4801 ms
[2022-08-19T23:02:57.897] [DEBUG] szfcweb - 查看楼栋 [6] 状态
[2022-08-19T23:02:59.611] [DEBUG] szfcweb - 查看楼栋 [1] 状态
[2022-08-19T23:03:00.993] [DEBUG] szfcweb - 查看楼栋 [7] 状态
[2022-08-19T23:03:02.343] [DEBUG] szfcweb - 查看楼栋 [3] 状态
[2022-08-19T23:03:03.688] [DEBUG] szfcweb - 查看楼栋 [15] 状态
[2022-08-19T23:03:05.123] [DEBUG] szfcweb - 查看楼栋 [9] 状态
[2022-08-19T23:03:06.522] [DEBUG] szfcweb - 查看楼栋 [13] 状态
[2022-08-19T23:03:07.853] [DEBUG] szfcweb - 查看楼栋 [10] 状态
[2022-08-19T23:03:09.205] [DEBUG] szfcweb - 查看楼栋 [8] 状态
[2022-08-19T23:03:10.551] [DEBUG] szfcweb - 查看楼栋 [16] 状态
[2022-08-19T23:03:11.907] [DEBUG] szfcweb - 查看楼栋 [12] 状态
[2022-08-19T23:03:13.289] [DEBUG] szfcweb - 查看楼栋 [14] 状态
[2022-08-20T22:54:26.263] [DEBUG] szfcweb - 开始访问 春风南岸花园一期
[2022-08-20T22:54:26.265] [DEBUG] szfcweb - Sleep: 3821 ms
[2022-08-20T22:54:30.191] [DEBUG] szfcweb - 开始访问 春风南岸花园三期
[2022-08-20T22:54:30.192] [DEBUG] szfcweb - Sleep: 4143 ms
[2022-08-20T22:54:34.426] [DEBUG] szfcweb - 开始访问 春风南岸花园二期
[2022-08-20T22:54:34.427] [DEBUG] szfcweb - Sleep: 3321 ms
[2022-08-20T22:54:37.843] [DEBUG] szfcweb - 查看楼栋 [6] 状态
[2022-08-20T22:54:39.538] [DEBUG] szfcweb - 查看楼栋 [1] 状态
[2022-08-20T22:54:40.889] [DEBUG] szfcweb - 查看楼栋 [7] 状态
[2022-08-20T22:54:42.209] [DEBUG] szfcweb - 查看楼栋 [3] 状态
[2022-08-20T22:54:43.526] [DEBUG] szfcweb - 查看楼栋 [15] 状态
[2022-08-20T22:54:44.845] [DEBUG] szfcweb - 查看楼栋 [9] 状态
[2022-08-20T22:54:46.159] [DEBUG] szfcweb - 查看楼栋 [13] 状态
[2022-08-20T22:54:47.522] [DEBUG] szfcweb - 查看楼栋 [10] 状态
[2022-08-20T22:54:48.877] [DEBUG] szfcweb - 查看楼栋 [8] 状态
[2022-08-20T22:54:50.195] [DEBUG] szfcweb - 查看楼栋 [16] 状态
[2022-08-20T22:54:51.545] [DEBUG] szfcweb - 查看楼栋 [12] 状态
[2022-08-20T22:54:52.881] [DEBUG] szfcweb - 查看楼栋 [14] 状态
[2022-08-21T23:35:12.213] [DEBUG] szfcweb - 开始访问 春风南岸花园一期
[2022-08-21T23:35:12.214] [DEBUG] szfcweb - Sleep: 2764 ms
[2022-08-21T23:35:15.086] [DEBUG] szfcweb - 开始访问 春风南岸花园三期
[2022-08-21T23:35:15.086] [DEBUG] szfcweb - Sleep: 3575 ms
[2022-08-21T23:35:18.765] [DEBUG] szfcweb - 开始访问 春风南岸花园二期
[2022-08-21T23:35:18.765] [DEBUG] szfcweb - Sleep: 2792 ms
[2022-08-21T23:35:21.661] [DEBUG] szfcweb - 查看楼栋 [6] 状态
[2022-08-21T23:35:23.587] [DEBUG] szfcweb - 查看楼栋 [1] 状态
[2022-08-21T23:35:24.937] [DEBUG] szfcweb - 查看楼栋 [7] 状态
[2022-08-21T23:35:26.270] [DEBUG] szfcweb - 查看楼栋 [3] 状态
[2022-08-21T23:35:27.635] [DEBUG] szfcweb - 查看楼栋 [15] 状态
[2022-08-21T23:35:28.999] [DEBUG] szfcweb - 查看楼栋 [9] 状态
[2022-08-21T23:35:30.353] [DEBUG] szfcweb - 查看楼栋 [13] 状态
[2022-08-21T23:35:31.684] [DEBUG] szfcweb - 查看楼栋 [10] 状态
[2022-08-21T23:35:33.037] [DEBUG] szfcweb - 查看楼栋 [8] 状态
[2022-08-21T23:35:34.385] [DEBUG] szfcweb - 查看楼栋 [16] 状态
[2022-08-21T23:35:35.754] [DEBUG] szfcweb - 查看楼栋 [12] 状态
[2022-08-21T23:35:37.402] [DEBUG] szfcweb - 查看楼栋 [14] 状态
[2022-08-22T23:14:18.358] [DEBUG] szfcweb - 开始访问 春风南岸花园一期
[2022-08-22T23:14:18.359] [DEBUG] szfcweb - Sleep: 4270 ms
[2022-08-22T23:14:23.000] [DEBUG] szfcweb - 开始访问 春风南岸花园三期
[2022-08-22T23:14:23.001] [DEBUG] szfcweb - Sleep: 3697 ms
[2022-08-22T23:14:27.630] [DEBUG] szfcweb - 开始访问 春风南岸花园二期
[2022-08-22T23:14:27.630] [DEBUG] szfcweb - Sleep: 4125 ms
[2022-08-22T23:14:43.458] [DEBUG] szfcweb - 查看楼栋 [6] 状态
[2022-08-22T23:14:45.895] [DEBUG] szfcweb - 查看楼栋 [1] 状态
[2022-08-22T23:14:47.750] [DEBUG] szfcweb - 查看楼栋 [7] 状态
[2022-08-22T23:14:49.966] [DEBUG] szfcweb - 查看楼栋 [3] 状态
[2022-08-22T23:14:52.366] [DEBUG] szfcweb - 查看楼栋 [15] 状态
[2022-08-22T23:14:54.132] [DEBUG] szfcweb - 查看楼栋 [9] 状态
[2022-08-22T23:14:56.579] [DEBUG] szfcweb - 查看楼栋 [13] 状态
[2022-08-22T23:15:00.385] [DEBUG] szfcweb - 查看楼栋 [10] 状态
[2022-08-22T23:15:03.570] [DEBUG] szfcweb - 查看楼栋 [8] 状态
[2022-08-22T23:15:06.617] [DEBUG] szfcweb - 查看楼栋 [16] 状态
[2022-08-22T23:15:08.536] [DEBUG] szfcweb - 查看楼栋 [12] 状态
[2022-08-22T23:15:11.069] [DEBUG] szfcweb - 查看楼栋 [14] 状态
[2022-08-23T23:07:50.233] [DEBUG] szfcweb - 开始访问 春风南岸花园一期
[2022-08-23T23:07:50.245] [DEBUG] szfcweb - Sleep: 3079 ms
[2022-08-23T23:07:53.841] [DEBUG] szfcweb - 开始访问 春风南岸花园三期
[2022-08-23T23:07:53.841] [DEBUG] szfcweb - Sleep: 2714 ms
[2022-08-23T23:07:56.789] [DEBUG] szfcweb - 开始访问 春风南岸花园二期
[2022-08-23T23:07:56.789] [DEBUG] szfcweb - Sleep: 4128 ms
[2022-08-23T23:08:01.019] [DEBUG] szfcweb - 查看楼栋 [6] 状态
[2022-08-23T23:08:02.973] [DEBUG] szfcweb - 查看楼栋 [1] 状态
[2022-08-23T23:08:04.314] [DEBUG] szfcweb - 查看楼栋 [7] 状态
[2022-08-23T23:08:05.737] [DEBUG] szfcweb - 查看楼栋 [3] 状态
[2022-08-23T23:08:07.150] [DEBUG] szfcweb - 查看楼栋 [15] 状态
[2022-08-23T23:08:08.514] [DEBUG] szfcweb - 查看楼栋 [9] 状态
[2022-08-23T23:08:09.965] [DEBUG] szfcweb - 查看楼栋 [13] 状态
[2022-08-23T23:08:11.361] [DEBUG] szfcweb - 查看楼栋 [10] 状态
[2022-08-23T23:08:12.726] [DEBUG] szfcweb - 查看楼栋 [8] 状态
[2022-08-23T23:08:14.364] [DEBUG] szfcweb - 查看楼栋 [16] 状态
[2022-08-23T23:08:15.848] [DEBUG] szfcweb - 查看楼栋 [12] 状态
[2022-08-23T23:08:17.293] [DEBUG] szfcweb - 查看楼栋 [14] 状态
[2022-08-24T21:45:37.571] [DEBUG] szfcweb - 开始访问 春风南岸花园一期
[2022-08-24T21:45:37.572] [DEBUG] szfcweb - Sleep: 2111 ms
[2022-08-24T21:45:39.843] [DEBUG] szfcweb - 开始访问 春风南岸花园三期
[2022-08-24T21:45:39.843] [DEBUG] szfcweb - Sleep: 4168 ms
[2022-08-24T21:45:44.239] [DEBUG] szfcweb - 开始访问 春风南岸花园二期
[2022-08-24T21:45:44.239] [DEBUG] szfcweb - Sleep: 4763 ms
[2022-08-24T21:45:59.522] [DEBUG] szfcweb - 查看楼栋 [6] 状态
[2022-08-24T21:46:01.590] [DEBUG] szfcweb - 查看楼栋 [1] 状态
[2022-08-24T21:46:23.134] [DEBUG] szfcweb - 查看楼栋 [7] 状态
[2022-08-24T21:46:27.502] [DEBUG] szfcweb - 查看楼栋 [3] 状态
[2022-08-24T21:46:30.785] [DEBUG] szfcweb - 查看楼栋 [15] 状态
[2022-08-24T21:46:32.551] [DEBUG] szfcweb - 查看楼栋 [9] 状态
[2022-08-24T21:46:34.968] [DEBUG] szfcweb - 查看楼栋 [13] 状态
[2022-08-24T21:46:42.730] [DEBUG] szfcweb - 查看楼栋 [10] 状态
[2022-08-24T22:10:46.812] [DEBUG] szfcweb - 开始访问 春风南岸花园一期
[2022-08-24T22:10:46.814] [DEBUG] szfcweb - Sleep: 4234 ms
[2022-08-24T22:10:51.151] [DEBUG] szfcweb - 开始访问 春风南岸花园三期
[2022-08-24T22:10:51.152] [DEBUG] szfcweb - Sleep: 4361 ms
[2022-08-24T22:10:55.619] [DEBUG] szfcweb - 开始访问 春风南岸花园二期
[2022-08-24T22:10:55.620] [DEBUG] szfcweb - Sleep: 3332 ms
[2022-08-24T22:10:59.150] [DEBUG] szfcweb - 查看楼栋 [6] 状态
[2022-08-24T22:11:00.881] [DEBUG] szfcweb - 查看楼栋 [1] 状态
[2022-08-24T22:11:02.221] [DEBUG] szfcweb - 查看楼栋 [7] 状态
[2022-08-24T22:11:03.592] [DEBUG] szfcweb - 查看楼栋 [3] 状态
[2022-08-24T22:11:04.966] [DEBUG] szfcweb - 查看楼栋 [15] 状态
[2022-08-24T22:11:06.440] [DEBUG] szfcweb - 查看楼栋 [9] 状态
[2022-08-24T22:11:07.814] [DEBUG] szfcweb - 查看楼栋 [13] 状态
[2022-08-24T22:11:09.283] [DEBUG] szfcweb - 查看楼栋 [10] 状态
[2022-08-24T22:11:10.649] [DEBUG] szfcweb - 查看楼栋 [8] 状态
[2022-08-24T22:11:12.050] [DEBUG] szfcweb - 查看楼栋 [16] 状态
[2022-08-24T22:11:13.735] [DEBUG] szfcweb - 查看楼栋 [12] 状态
[2022-08-24T22:11:15.562] [DEBUG] szfcweb - 查看楼栋 [14] 状态
[2022-08-25T23:06:50.496] [DEBUG] szfcweb - 开始访问 春风南岸花园一期
[2022-08-25T23:06:50.497] [DEBUG] szfcweb - Sleep: 4215 ms
[2022-08-25T23:06:54.840] [DEBUG] szfcweb - 开始访问 春风南岸花园三期
[2022-08-25T23:06:54.840] [DEBUG] szfcweb - Sleep: 3078 ms
[2022-08-25T23:06:58.114] [DEBUG] szfcweb - 开始访问 春风南岸花园二期
[2022-08-25T23:06:58.114] [DEBUG] szfcweb - Sleep: 4324 ms
[2022-08-25T23:07:02.554] [DEBUG] szfcweb - 查看楼栋 [6] 状态
[2022-08-25T23:07:04.343] [DEBUG] szfcweb - 查看楼栋 [1] 状态
[2022-08-25T23:07:05.746] [DEBUG] szfcweb - 查看楼栋 [7] 状态
[2022-08-25T23:07:07.147] [DEBUG] szfcweb - 查看楼栋 [3] 状态
[2022-08-25T23:07:08.477] [DEBUG] szfcweb - 查看楼栋 [15] 状态
[2022-08-25T23:07:10.044] [DEBUG] szfcweb - 查看楼栋 [9] 状态
[2022-08-25T23:07:11.411] [DEBUG] szfcweb - 查看楼栋 [13] 状态
[2022-08-25T23:07:12.828] [DEBUG] szfcweb - 查看楼栋 [10] 状态
[2022-08-25T23:07:14.192] [DEBUG] szfcweb - 查看楼栋 [8] 状态
[2022-08-25T23:07:15.525] [DEBUG] szfcweb - 查看楼栋 [16] 状态
[2022-08-25T23:07:16.978] [DEBUG] szfcweb - 查看楼栋 [12] 状态
[2022-08-25T23:07:18.362] [DEBUG] szfcweb - 查看楼栋 [14] 状态
[2022-08-26T23:17:55.097] [DEBUG] szfcweb - 开始访问 春风南岸花园一期
[2022-08-26T23:17:55.098] [DEBUG] szfcweb - Sleep: 3335 ms
[2022-08-26T23:17:58.759] [DEBUG] szfcweb - 开始访问 春风南岸花园三期
[2022-08-26T23:17:58.759] [DEBUG] szfcweb - Sleep: 4676 ms
[2022-08-26T23:18:03.541] [DEBUG] szfcweb - 开始访问 春风南岸花园二期
[2022-08-26T23:18:03.541] [DEBUG] szfcweb - Sleep: 3199 ms
[2022-08-26T23:18:06.848] [DEBUG] szfcweb - 查看楼栋 [6] 状态
[2022-08-26T23:18:08.771] [DEBUG] szfcweb - 查看楼栋 [1] 状态
[2022-08-26T23:18:10.241] [DEBUG] szfcweb - 查看楼栋 [7] 状态
[2022-08-26T23:18:11.704] [DEBUG] szfcweb - 查看楼栋 [3] 状态
[2022-08-26T23:18:13.072] [DEBUG] szfcweb - 查看楼栋 [15] 状态
[2022-08-26T23:18:14.441] [DEBUG] szfcweb - 查看楼栋 [9] 状态
[2022-08-26T23:18:15.877] [DEBUG] szfcweb - 查看楼栋 [13] 状态
[2022-08-26T23:18:17.278] [DEBUG] szfcweb - 查看楼栋 [10] 状态
[2022-08-26T23:18:18.887] [DEBUG] szfcweb - 查看楼栋 [8] 状态
[2022-08-26T23:18:20.272] [DEBUG] szfcweb - 查看楼栋 [16] 状态
[2022-08-26T23:18:21.772] [DEBUG] szfcweb - 查看楼栋 [12] 状态
[2022-08-26T23:18:23.105] [DEBUG] szfcweb - 查看楼栋 [14] 状态
[2022-08-27T22:17:38.627] [DEBUG] szfcweb - 开始访问 春风南岸花园一期
[2022-08-27T22:17:38.628] [DEBUG] szfcweb - Sleep: 2125 ms
[2022-08-27T22:17:40.855] [DEBUG] szfcweb - 开始访问 春风南岸花园三期
[2022-08-27T22:17:40.855] [DEBUG] szfcweb - Sleep: 2767 ms
[2022-08-27T22:17:43.745] [DEBUG] szfcweb - 开始访问 春风南岸花园二期
[2022-08-27T22:17:43.745] [DEBUG] szfcweb - Sleep: 2538 ms
[2022-08-27T22:17:46.459] [DEBUG] szfcweb - 查看楼栋 [6] 状态
[2022-08-27T22:17:48.273] [DEBUG] szfcweb - 查看楼栋 [1] 状态
[2022-08-27T22:17:49.620] [DEBUG] szfcweb - 查看楼栋 [7] 状态
[2022-08-27T22:17:51.073] [DEBUG] szfcweb - 查看楼栋 [3] 状态
[2022-08-27T22:17:52.385] [DEBUG] szfcweb - 查看楼栋 [15] 状态
[2022-08-27T22:17:53.771] [DEBUG] szfcweb - 查看楼栋 [9] 状态
[2022-08-27T22:17:55.273] [DEBUG] szfcweb - 查看楼栋 [13] 状态
[2022-08-27T22:17:56.704] [DEBUG] szfcweb - 查看楼栋 [10] 状态
[2022-08-27T22:17:58.052] [DEBUG] szfcweb - 查看楼栋 [8] 状态
[2022-08-27T22:17:59.568] [DEBUG] szfcweb - 查看楼栋 [16] 状态
[2022-08-27T22:18:00.921] [DEBUG] szfcweb - 查看楼栋 [12] 状态
[2022-08-27T22:18:02.288] [DEBUG] szfcweb - 查看楼栋 [14] 状态
[2022-08-29T13:46:21.488] [DEBUG] szfcweb - 开始访问 春风南岸花园一期
[2022-08-29T13:46:21.490] [DEBUG] szfcweb - Sleep: 3593 ms
[2022-08-29T13:46:25.191] [DEBUG] szfcweb - 开始访问 春风南岸花园三期
[2022-08-29T13:46:25.191] [DEBUG] szfcweb - Sleep: 3498 ms
[2022-08-29T13:46:28.772] [DEBUG] szfcweb - 开始访问 春风南岸花园二期
[2022-08-29T13:46:28.772] [DEBUG] szfcweb - Sleep: 4672 ms
[2022-08-29T13:46:33.534] [DEBUG] szfcweb - 查看楼栋 [6] 状态
[2022-08-29T13:46:35.401] [DEBUG] szfcweb - 查看楼栋 [1] 状态
[2022-08-29T13:46:36.808] [DEBUG] szfcweb - 查看楼栋 [7] 状态
[2022-08-29T13:46:38.161] [DEBUG] szfcweb - 查看楼栋 [3] 状态
[2022-08-29T13:46:39.521] [DEBUG] szfcweb - 查看楼栋 [15] 状态
[2022-08-29T13:46:40.885] [DEBUG] szfcweb - 查看楼栋 [9] 状态
[2022-08-29T13:46:42.301] [DEBUG] szfcweb - 查看楼栋 [13] 状态
[2022-08-29T13:46:43.631] [DEBUG] szfcweb - 查看楼栋 [10] 状态
[2022-08-29T13:46:45.003] [DEBUG] szfcweb - 查看楼栋 [8] 状态
[2022-08-29T13:46:46.353] [DEBUG] szfcweb - 查看楼栋 [16] 状态
[2022-08-29T13:46:47.739] [DEBUG] szfcweb - 查看楼栋 [12] 状态
[2022-08-29T13:46:49.110] [DEBUG] szfcweb - 查看楼栋 [14] 状态
[2022-08-30T22:46:14.572] [DEBUG] szfcweb - 开始访问 春风南岸花园一期
[2022-08-30T22:46:14.573] [DEBUG] szfcweb - Sleep: 2365 ms
[2022-08-30T22:46:17.030] [DEBUG] szfcweb - 开始访问 春风南岸花园三期
[2022-08-30T22:46:17.030] [DEBUG] szfcweb - Sleep: 4787 ms
[2022-08-30T22:46:21.920] [DEBUG] szfcweb - 开始访问 春风南岸花园二期
[2022-08-30T22:46:21.920] [DEBUG] szfcweb - Sleep: 3825 ms
[2022-08-30T22:46:25.832] [DEBUG] szfcweb - 查看楼栋 [6] 状态
[2022-08-30T22:46:27.580] [DEBUG] szfcweb - 查看楼栋 [1] 状态
[2022-08-30T22:46:28.990] [DEBUG] szfcweb - 查看楼栋 [7] 状态
[2022-08-30T22:46:30.365] [DEBUG] szfcweb - 查看楼栋 [3] 状态
[2022-08-30T22:46:31.738] [DEBUG] szfcweb - 查看楼栋 [15] 状态
[2022-08-30T22:46:33.071] [DEBUG] szfcweb - 查看楼栋 [9] 状态
[2022-08-30T22:46:34.425] [DEBUG] szfcweb - 查看楼栋 [13] 状态
[2022-08-30T22:46:35.791] [DEBUG] szfcweb - 查看楼栋 [10] 状态
[2022-08-30T22:46:37.155] [DEBUG] szfcweb - 查看楼栋 [8] 状态
[2022-08-30T22:46:38.484] [DEBUG] szfcweb - 查看楼栋 [16] 状态
[2022-08-30T22:46:39.895] [DEBUG] szfcweb - 查看楼栋 [12] 状态
[2022-08-30T22:46:41.291] [DEBUG] szfcweb - 查看楼栋 [14] 状态
[2022-08-31T22:36:42.968] [DEBUG] szfcweb - 开始访问 春风南岸花园一期
[2022-08-31T22:36:42.969] [DEBUG] szfcweb - Sleep: 3484 ms
[2022-08-31T22:36:46.607] [DEBUG] szfcweb - 开始访问 春风南岸花园三期
[2022-08-31T22:36:46.607] [DEBUG] szfcweb - Sleep: 3478 ms
[2022-08-31T22:36:50.189] [DEBUG] szfcweb - 开始访问 春风南岸花园二期
[2022-08-31T22:36:50.190] [DEBUG] szfcweb - Sleep: 2203 ms
[2022-08-31T22:36:52.722] [DEBUG] szfcweb - 查看楼栋 [6] 状态
[2022-08-31T22:36:54.445] [DEBUG] szfcweb - 查看楼栋 [1] 状态
[2022-08-31T22:36:55.916] [DEBUG] szfcweb - 查看楼栋 [7] 状态
[2022-08-31T22:36:57.357] [DEBUG] szfcweb - 查看楼栋 [3] 状态
[2022-08-31T22:36:58.681] [DEBUG] szfcweb - 查看楼栋 [15] 状态
[2022-08-31T22:37:00.079] [DEBUG] szfcweb - 查看楼栋 [9] 状态
[2022-08-31T22:37:01.514] [DEBUG] szfcweb - 查看楼栋 [13] 状态
[2022-08-31T22:37:02.867] [DEBUG] szfcweb - 查看楼栋 [10] 状态
[2022-08-31T22:37:04.295] [DEBUG] szfcweb - 查看楼栋 [8] 状态
[2022-08-31T22:37:05.712] [DEBUG] szfcweb - 查看楼栋 [16] 状态
[2022-08-31T22:37:07.086] [DEBUG] szfcweb - 查看楼栋 [12] 状态
[2022-08-31T22:37:08.464] [DEBUG] szfcweb - 查看楼栋 [14] 状态
[2022-09-02T22:12:21.385] [DEBUG] szfcweb - 开始访问 春风南岸花园一期
[2022-09-02T22:12:21.386] [DEBUG] szfcweb - Sleep: 3780 ms
[2022-09-02T22:12:25.291] [DEBUG] szfcweb - 开始访问 春风南岸花园三期
[2022-09-02T22:12:25.292] [DEBUG] szfcweb - Sleep: 2133 ms
[2022-09-02T22:12:27.709] [DEBUG] szfcweb - 开始访问 春风南岸花园二期
[2022-09-02T22:12:27.709] [DEBUG] szfcweb - Sleep: 2709 ms
[2022-09-02T22:12:30.514] [DEBUG] szfcweb - 查看楼栋 [6] 状态
[2022-09-02T22:12:32.286] [DEBUG] szfcweb - 查看楼栋 [1] 状态
[2022-09-02T22:12:33.669] [DEBUG] szfcweb - 查看楼栋 [7] 状态
[2022-09-02T22:12:35.003] [DEBUG] szfcweb - 查看楼栋 [3] 状态
[2022-09-02T22:12:36.473] [DEBUG] szfcweb - 查看楼栋 [15] 状态
[2022-09-02T22:12:37.832] [DEBUG] szfcweb - 查看楼栋 [9] 状态
[2022-09-02T22:12:39.186] [DEBUG] szfcweb - 查看楼栋 [13] 状态
[2022-09-02T22:12:40.517] [DEBUG] szfcweb - 查看楼栋 [10] 状态
[2022-09-02T22:12:41.948] [DEBUG] szfcweb - 查看楼栋 [8] 状态
[2022-09-02T22:12:43.384] [DEBUG] szfcweb - 查看楼栋 [16] 状态
[2022-09-02T22:12:44.852] [DEBUG] szfcweb - 查看楼栋 [12] 状态
[2022-09-02T22:12:46.200] [DEBUG] szfcweb - 查看楼栋 [14] 状态
[2022-09-03T22:46:45.168] [DEBUG] szfcweb - 开始访问 春风南岸花园一期
[2022-09-03T22:46:45.169] [DEBUG] szfcweb - Sleep: 2781 ms
[2022-09-03T22:46:48.129] [DEBUG] szfcweb - 开始访问 春风南岸花园三期
[2022-09-03T22:46:48.129] [DEBUG] szfcweb - Sleep: 3220 ms
[2022-09-03T22:46:51.452] [DEBUG] szfcweb - 开始访问 春风南岸花园二期
[2022-09-03T22:46:51.453] [DEBUG] szfcweb - Sleep: 2688 ms
[2022-09-03T22:46:54.334] [DEBUG] szfcweb - 查看楼栋 [6] 状态
[2022-09-03T22:46:56.199] [DEBUG] szfcweb - 查看楼栋 [1] 状态
[2022-09-03T22:46:57.606] [DEBUG] szfcweb - 查看楼栋 [7] 状态
[2022-09-03T22:46:59.209] [DEBUG] szfcweb - 查看楼栋 [3] 状态
[2022-09-03T22:47:00.658] [DEBUG] szfcweb - 查看楼栋 [15] 状态
[2022-09-03T22:47:02.032] [DEBUG] szfcweb - 查看楼栋 [9] 状态
[2022-09-03T22:47:03.411] [DEBUG] szfcweb - 查看楼栋 [13] 状态
[2022-09-03T22:47:04.840] [DEBUG] szfcweb - 查看楼栋 [10] 状态
[2022-09-03T22:47:06.207] [DEBUG] szfcweb - 查看楼栋 [8] 状态
[2022-09-03T22:47:07.576] [DEBUG] szfcweb - 查看楼栋 [16] 状态
[2022-09-03T22:47:09.033] [DEBUG] szfcweb - 查看楼栋 [12] 状态
[2022-09-03T22:47:10.412] [DEBUG] szfcweb - 查看楼栋 [14] 状态
[2022-09-06T23:19:02.541] [DEBUG] szfcweb - 开始访问 春风南岸花园一期
[2022-09-06T23:19:02.542] [DEBUG] szfcweb - Sleep: 3447 ms
[2022-09-06T23:19:06.125] [DEBUG] szfcweb - 开始访问 春风南岸花园三期
[2022-09-06T23:19:06.125] [DEBUG] szfcweb - Sleep: 4266 ms
[2022-09-06T23:19:10.633] [DEBUG] szfcweb - 开始访问 春风南岸花园二期
[2022-09-06T23:19:10.633] [DEBUG] szfcweb - Sleep: 3138 ms
[2022-09-06T23:19:13.879] [DEBUG] szfcweb - 查看楼栋 [6] 状态
[2022-09-06T23:19:15.746] [DEBUG] szfcweb - 查看楼栋 [1] 状态
[2022-09-06T23:19:17.101] [DEBUG] szfcweb - 查看楼栋 [7] 状态
[2022-09-06T23:19:18.497] [DEBUG] szfcweb - 查看楼栋 [3] 状态
[2022-09-06T23:19:19.867] [DEBUG] szfcweb - 查看楼栋 [15] 状态
[2022-09-06T23:19:21.217] [DEBUG] szfcweb - 查看楼栋 [9] 状态
[2022-09-06T23:19:22.620] [DEBUG] szfcweb - 查看楼栋 [13] 状态
[2022-09-06T23:19:23.986] [DEBUG] szfcweb - 查看楼栋 [10] 状态
[2022-09-06T23:19:25.333] [DEBUG] szfcweb - 查看楼栋 [8] 状态
[2022-09-06T23:19:26.785] [DEBUG] szfcweb - 查看楼栋 [16] 状态
[2022-09-06T23:19:28.159] [DEBUG] szfcweb - 查看楼栋 [12] 状态
[2022-09-06T23:19:29.539] [DEBUG] szfcweb - 查看楼栋 [14] 状态
[2022-09-07T22:49:00.784] [DEBUG] szfcweb - 开始访问 春风南岸花园一期
[2022-09-07T22:49:00.785] [DEBUG] szfcweb - Sleep: 2855 ms
[2022-09-07T22:49:03.759] [DEBUG] szfcweb - 开始访问 春风南岸花园三期
[2022-09-07T22:49:03.760] [DEBUG] szfcweb - Sleep: 4555 ms
[2022-09-07T22:49:08.400] [DEBUG] szfcweb - 开始访问 春风南岸花园二期
[2022-09-07T22:49:08.400] [DEBUG] szfcweb - Sleep: 2113 ms
[2022-09-07T22:49:10.614] [DEBUG] szfcweb - 查看楼栋 [6] 状态
[2022-09-07T22:49:12.406] [DEBUG] szfcweb - 查看楼栋 [1] 状态
[2022-09-07T22:49:13.768] [DEBUG] szfcweb - 查看楼栋 [7] 状态
[2022-09-07T22:49:15.125] [DEBUG] szfcweb - 查看楼栋 [3] 状态
[2022-09-07T22:49:16.476] [DEBUG] szfcweb - 查看楼栋 [8] 状态
[2022-09-07T22:49:17.802] [DEBUG] szfcweb - 查看楼栋 [16] 状态
[2022-09-07T22:49:19.180] [DEBUG] szfcweb - 查看楼栋 [12] 状态
[2022-09-07T22:49:20.529] [DEBUG] szfcweb - 查看楼栋 [14] 状态
[2022-09-07T23:27:45.089] [DEBUG] szfcweb - 开始访问 春风南岸花园一期
[2022-09-07T23:27:45.091] [DEBUG] szfcweb - Sleep: 2101 ms
[2022-09-07T23:27:47.335] [DEBUG] szfcweb - 开始访问 春风南岸花园三期
[2022-09-07T23:27:47.336] [DEBUG] szfcweb - Sleep: 4880 ms
[2022-09-07T23:27:52.334] [DEBUG] szfcweb - 开始访问 春风南岸花园二期
[2022-09-07T23:27:52.334] [DEBUG] szfcweb - Sleep: 4710 ms
[2022-09-07T23:27:57.150] [DEBUG] szfcweb - 查看楼栋 [6] 状态
[2022-09-07T23:27:58.879] [DEBUG] szfcweb - 查看楼栋 [1] 状态
[2022-09-07T23:28:00.203] [DEBUG] szfcweb - 查看楼栋 [7] 状态
[2022-09-07T23:28:01.538] [DEBUG] szfcweb - 查看楼栋 [3] 状态
[2022-09-07T23:28:02.900] [DEBUG] szfcweb - 查看楼栋 [15] 状态
[2022-09-07T23:28:04.253] [DEBUG] szfcweb - 查看楼栋 [9] 状态
[2022-09-07T23:28:05.604] [DEBUG] szfcweb - 查看楼栋 [13] 状态
[2022-09-07T23:28:06.919] [DEBUG] szfcweb - 查看楼栋 [10] 状态
[2022-09-07T23:28:08.283] [DEBUG] szfcweb - 查看楼栋 [8] 状态
[2022-09-07T23:28:09.637] [DEBUG] szfcweb - 查看楼栋 [16] 状态
[2022-09-07T23:28:11.005] [DEBUG] szfcweb - 查看楼栋 [12] 状态
[2022-09-07T23:28:12.338] [DEBUG] szfcweb - 查看楼栋 [14] 状态
[2022-09-08T23:05:56.662] [DEBUG] szfcweb - 开始访问 春风南岸花园一期
[2022-09-08T23:05:56.664] [DEBUG] szfcweb - Sleep: 4275 ms
[2022-09-08T23:06:01.045] [DEBUG] szfcweb - 开始访问 春风南岸花园三期
[2022-09-08T23:06:01.046] [DEBUG] szfcweb - Sleep: 2273 ms
[2022-09-08T23:06:03.413] [DEBUG] szfcweb - 开始访问 春风南岸花园二期
[2022-09-08T23:06:03.414] [DEBUG] szfcweb - Sleep: 4414 ms
[2022-09-08T23:06:07.937] [DEBUG] szfcweb - 查看楼栋 [6] 状态
[2022-09-08T23:06:09.664] [DEBUG] szfcweb - 查看楼栋 [1] 状态
[2022-09-08T23:06:11.005] [DEBUG] szfcweb - 查看楼栋 [7] 状态
[2022-09-08T23:06:12.319] [DEBUG] szfcweb - 查看楼栋 [3] 状态
[2022-09-08T23:06:13.655] [DEBUG] szfcweb - 查看楼栋 [15] 状态
[2022-09-08T23:06:14.985] [DEBUG] szfcweb - 查看楼栋 [9] 状态
[2022-09-08T23:06:16.338] [DEBUG] szfcweb - 查看楼栋 [13] 状态
[2022-09-08T23:06:17.702] [DEBUG] szfcweb - 查看楼栋 [10] 状态
[2022-09-08T23:06:19.085] [DEBUG] szfcweb - 查看楼栋 [8] 状态
[2022-09-08T23:06:20.417] [DEBUG] szfcweb - 查看楼栋 [16] 状态
[2022-09-08T23:06:21.789] [DEBUG] szfcweb - 查看楼栋 [12] 状态
[2022-09-08T23:06:23.157] [DEBUG] szfcweb - 查看楼栋 [14] 状态
[2022-09-10T23:12:41.041] [DEBUG] szfcweb - 开始访问 春风南岸花园一期
[2022-09-10T23:12:41.042] [DEBUG] szfcweb - Sleep: 2402 ms
[2022-09-10T23:12:43.551] [DEBUG] szfcweb - 开始访问 春风南岸花园三期
[2022-09-10T23:12:43.551] [DEBUG] szfcweb - Sleep: 4498 ms
[2022-09-10T23:12:48.143] [DEBUG] szfcweb - 开始访问 春风南岸花园二期
[2022-09-10T23:12:48.143] [DEBUG] szfcweb - Sleep: 4955 ms
[2022-09-10T23:12:53.207] [DEBUG] szfcweb - 查看楼栋 [6] 状态
[2022-09-10T23:12:55.081] [DEBUG] szfcweb - 查看楼栋 [1] 状态
[2022-09-10T23:12:56.406] [DEBUG] szfcweb - 查看楼栋 [7] 状态
[2022-09-10T23:12:57.724] [DEBUG] szfcweb - 查看楼栋 [3] 状态
[2022-09-10T23:12:59.055] [DEBUG] szfcweb - 查看楼栋 [15] 状态
[2022-09-10T23:13:00.370] [DEBUG] szfcweb - 查看楼栋 [9] 状态
[2022-09-10T23:13:01.704] [DEBUG] szfcweb - 查看楼栋 [13] 状态
[2022-09-10T23:13:03.068] [DEBUG] szfcweb - 查看楼栋 [10] 状态
[2022-09-10T23:13:04.390] [DEBUG] szfcweb - 查看楼栋 [8] 状态
[2022-09-10T23:13:05.736] [DEBUG] szfcweb - 查看楼栋 [16] 状态
[2022-09-10T23:13:07.091] [DEBUG] szfcweb - 查看楼栋 [12] 状态
[2022-09-10T23:13:08.455] [DEBUG] szfcweb - 查看楼栋 [14] 状态
